{"@timestamp":"2025-07-09T16:15:33.936+08:00","caller":"stat/usage.go:61","content":"CPU: 0m, MEMORY: Alloc=1.5Mi, TotalAlloc=1.9Mi, Sys=17.8Mi, NumGC=1","level":"stat"}
{"@timestamp":"2025-07-09T16:15:33.937+08:00","caller":"cache/cachestat.go:71","content":"dbcache(sqlc) - qpm: 9, hit_ratio: 66.7%, hit: 6, miss: 3, db_fails: 0","level":"stat"}
{"@timestamp":"2025-07-09T16:15:33.942+08:00","caller":"load/sheddingstat.go:61","content":"(api) shedding_stat [1m], cpu: 0, total: 20, pass: 20, drop: 0","level":"stat"}
{"@timestamp":"2025-07-09T16:15:51.958+08:00","caller":"stat/metrics.go:210","content":"(forum-api) - qps: 0.3/s, drops: 0, avg time: 2.6ms, med: 0.8ms, 90th: 14.0ms, 99th: 25.2ms, 99.9th: 25.2ms","level":"stat"}
{"@timestamp":"2025-07-09T16:16:33.937+08:00","caller":"stat/usage.go:61","content":"CPU: 0m, MEMORY: Alloc=1.5Mi, TotalAlloc=1.9Mi, Sys=17.8Mi, NumGC=1","level":"stat"}
{"@timestamp":"2025-07-09T16:16:33.942+08:00","caller":"load/sheddingstat.go:61","content":"(api) shedding_stat [1m], cpu: 0, total: 0, pass: 0, drop: 0","level":"stat"}
{"@timestamp":"2025-07-09T16:16:51.959+08:00","caller":"stat/metrics.go:210","content":"(forum-api) - qps: 0.0/s, drops: 0, avg time: 0.0ms, med: 0.0ms, 90th: 0.0ms, 99th: 0.0ms, 99.9th: 0.0ms","level":"stat"}
{"@timestamp":"2025-07-09T16:17:33.938+08:00","caller":"stat/usage.go:61","content":"CPU: 0m, MEMORY: Alloc=1.1Mi, TotalAlloc=1.9Mi, Sys=18.4Mi, NumGC=2","level":"stat"}
{"@timestamp":"2025-07-09T16:17:33.943+08:00","caller":"load/sheddingstat.go:61","content":"(api) shedding_stat [1m], cpu: 0, total: 0, pass: 0, drop: 0","level":"stat"}
{"@timestamp":"2025-07-09T16:17:51.959+08:00","caller":"stat/metrics.go:210","content":"(forum-api) - qps: 0.0/s, drops: 0, avg time: 0.0ms, med: 0.0ms, 90th: 0.0ms, 99th: 0.0ms, 99.9th: 0.0ms","level":"stat"}
{"@timestamp":"2025-07-09T16:18:33.939+08:00","caller":"stat/usage.go:61","content":"CPU: 0m, MEMORY: Alloc=1.1Mi, TotalAlloc=1.9Mi, Sys=18.4Mi, NumGC=2","level":"stat"}
{"@timestamp":"2025-07-09T16:18:33.944+08:00","caller":"load/sheddingstat.go:61","content":"(api) shedding_stat [1m], cpu: 0, total: 0, pass: 0, drop: 0","level":"stat"}
{"@timestamp":"2025-07-09T16:18:51.959+08:00","caller":"stat/metrics.go:210","content":"(forum-api) - qps: 0.0/s, drops: 0, avg time: 0.0ms, med: 0.0ms, 90th: 0.0ms, 99th: 0.0ms, 99.9th: 0.0ms","level":"stat"}
{"@timestamp":"2025-07-09T16:19:33.939+08:00","caller":"stat/usage.go:61","content":"CPU: 0m, MEMORY: Alloc=1.0Mi, TotalAlloc=1.9Mi, Sys=18.4Mi, NumGC=3","level":"stat"}
{"@timestamp":"2025-07-09T16:19:33.945+08:00","caller":"load/sheddingstat.go:61","content":"(api) shedding_stat [1m], cpu: 0, total: 0, pass: 0, drop: 0","level":"stat"}
{"@timestamp":"2025-07-09T16:19:51.961+08:00","caller":"stat/metrics.go:210","content":"(forum-api) - qps: 0.0/s, drops: 0, avg time: 0.0ms, med: 0.0ms, 90th: 0.0ms, 99th: 0.0ms, 99.9th: 0.0ms","level":"stat"}
{"@timestamp":"2025-07-09T16:20:33.940+08:00","caller":"stat/usage.go:61","content":"CPU: 0m, MEMORY: Alloc=1.0Mi, TotalAlloc=1.9Mi, Sys=18.4Mi, NumGC=3","level":"stat"}
{"@timestamp":"2025-07-09T16:20:33.945+08:00","caller":"load/sheddingstat.go:61","content":"(api) shedding_stat [1m], cpu: 0, total: 0, pass: 0, drop: 0","level":"stat"}
{"@timestamp":"2025-07-09T16:20:51.962+08:00","caller":"stat/metrics.go:210","content":"(forum-api) - qps: 0.0/s, drops: 0, avg time: 0.0ms, med: 0.0ms, 90th: 0.0ms, 99th: 0.0ms, 99.9th: 0.0ms","level":"stat"}
{"@timestamp":"2025-07-09T16:21:33.941+08:00","caller":"stat/usage.go:61","content":"CPU: 0m, MEMORY: Alloc=1.0Mi, TotalAlloc=1.9Mi, Sys=18.4Mi, NumGC=4","level":"stat"}
{"@timestamp":"2025-07-09T16:21:33.946+08:00","caller":"load/sheddingstat.go:61","content":"(api) shedding_stat [1m], cpu: 0, total: 0, pass: 0, drop: 0","level":"stat"}
{"@timestamp":"2025-07-09T16:21:51.961+08:00","caller":"stat/metrics.go:210","content":"(forum-api) - qps: 0.0/s, drops: 0, avg time: 0.0ms, med: 0.0ms, 90th: 0.0ms, 99th: 0.0ms, 99.9th: 0.0ms","level":"stat"}
{"@timestamp":"2025-07-09T16:22:33.942+08:00","caller":"stat/usage.go:61","content":"CPU: 0m, MEMORY: Alloc=1.0Mi, TotalAlloc=1.9Mi, Sys=18.4Mi, NumGC=4","level":"stat"}
{"@timestamp":"2025-07-09T16:22:33.947+08:00","caller":"load/sheddingstat.go:61","content":"(api) shedding_stat [1m], cpu: 0, total: 0, pass: 0, drop: 0","level":"stat"}
{"@timestamp":"2025-07-09T16:22:51.963+08:00","caller":"stat/metrics.go:210","content":"(forum-api) - qps: 0.0/s, drops: 0, avg time: 0.0ms, med: 0.0ms, 90th: 0.0ms, 99th: 0.0ms, 99.9th: 0.0ms","level":"stat"}
{"@timestamp":"2025-07-09T16:23:33.942+08:00","caller":"stat/usage.go:61","content":"CPU: 0m, MEMORY: Alloc=1.0Mi, TotalAlloc=1.9Mi, Sys=18.4Mi, NumGC=5","level":"stat"}
{"@timestamp":"2025-07-09T16:23:33.948+08:00","caller":"load/sheddingstat.go:61","content":"(api) shedding_stat [1m], cpu: 0, total: 0, pass: 0, drop: 0","level":"stat"}
{"@timestamp":"2025-07-09T16:23:51.964+08:00","caller":"stat/metrics.go:210","content":"(forum-api) - qps: 0.0/s, drops: 0, avg time: 0.0ms, med: 0.0ms, 90th: 0.0ms, 99th: 0.0ms, 99.9th: 0.0ms","level":"stat"}
{"@timestamp":"2025-07-09T16:24:33.943+08:00","caller":"stat/usage.go:61","content":"CPU: 0m, MEMORY: Alloc=1.0Mi, TotalAlloc=1.9Mi, Sys=18.4Mi, NumGC=5","level":"stat"}
{"@timestamp":"2025-07-09T16:24:33.949+08:00","caller":"load/sheddingstat.go:61","content":"(api) shedding_stat [1m], cpu: 0, total: 0, pass: 0, drop: 0","level":"stat"}
{"@timestamp":"2025-07-09T16:24:41.212+08:00","caller":"stat/metrics.go:210","content":"(forum-api) - qps: 0.0/s, drops: 0, avg time: 0.0ms, med: 0.0ms, 90th: 0.0ms, 99th: 0.0ms, 99.9th: 0.0ms","level":"stat"}
{"@timestamp":"2025-07-09T17:02:07.779+08:00","caller":"stat/usage.go:61","content":"CPU: 0m, MEMORY: Alloc=1.5Mi, TotalAlloc=1.5Mi, Sys=13.3Mi, NumGC=0","level":"stat"}
{"@timestamp":"2025-07-09T17:02:07.780+08:00","caller":"cache/cachestat.go:71","content":"dbcache(sqlc) - qpm: 1, hit_ratio: 0.0%, hit: 0, miss: 1, db_fails: 0","level":"stat"}
{"@timestamp":"2025-07-09T17:02:07.782+08:00","caller":"load/sheddingstat.go:61","content":"(api) shedding_stat [1m], cpu: 0, total: 7, pass: 7, drop: 0","level":"stat"}
{"@timestamp":"2025-07-09T17:02:28.387+08:00","caller":"stat/metrics.go:210","content":"(forum-api) - qps: 0.1/s, drops: 0, avg time: 3.0ms, med: 0.1ms, 90th: 20.5ms, 99th: 20.5ms, 99.9th: 20.5ms","level":"stat"}
{"@timestamp":"2025-07-09T17:03:07.780+08:00","caller":"stat/usage.go:61","content":"CPU: 0m, MEMORY: Alloc=1.6Mi, TotalAlloc=1.6Mi, Sys=13.3Mi, NumGC=0","level":"stat"}
{"@timestamp":"2025-07-09T17:03:07.781+08:00","caller":"cache/cachestat.go:71","content":"dbcache(sqlc) - qpm: 1, hit_ratio: 0.0%, hit: 0, miss: 1, db_fails: 0","level":"stat"}
{"@timestamp":"2025-07-09T17:03:07.783+08:00","caller":"load/sheddingstat.go:61","content":"(api) shedding_stat [1m], cpu: 0, total: 3, pass: 3, drop: 0","level":"stat"}
{"@timestamp":"2025-07-09T17:03:28.388+08:00","caller":"stat/metrics.go:210","content":"(forum-api) - qps: 0.1/s, drops: 0, avg time: 3.8ms, med: 3.5ms, 90th: 13.1ms, 99th: 13.1ms, 99.9th: 13.1ms","level":"stat"}
{"@timestamp":"2025-07-09T17:04:07.781+08:00","caller":"stat/usage.go:61","content":"CPU: 0m, MEMORY: Alloc=1.8Mi, TotalAlloc=1.8Mi, Sys=13.3Mi, NumGC=0","level":"stat"}
{"@timestamp":"2025-07-09T17:04:07.781+08:00","caller":"cache/cachestat.go:71","content":"dbcache(sqlc) - qpm: 7, hit_ratio: 42.9%, hit: 3, miss: 4, db_fails: 0","level":"stat"}
{"@timestamp":"2025-07-09T17:04:07.784+08:00","caller":"load/sheddingstat.go:61","content":"(api) shedding_stat [1m], cpu: 0, total: 5, pass: 5, drop: 0","level":"stat"}
{"@timestamp":"2025-07-09T17:04:28.389+08:00","caller":"stat/metrics.go:210","content":"(forum-api) - qps: 0.0/s, drops: 0, avg time: 7.0ms, med: 12.5ms, 90th: 12.5ms, 99th: 12.5ms, 99.9th: 12.5ms","level":"stat"}
{"@timestamp":"2025-07-09T17:05:07.781+08:00","caller":"stat/usage.go:61","content":"CPU: 0m, MEMORY: Alloc=1.8Mi, TotalAlloc=1.8Mi, Sys=13.3Mi, NumGC=0","level":"stat"}
{"@timestamp":"2025-07-09T17:05:07.784+08:00","caller":"load/sheddingstat.go:61","content":"(api) shedding_stat [1m], cpu: 0, total: 0, pass: 0, drop: 0","level":"stat"}
{"@timestamp":"2025-07-09T17:05:28.389+08:00","caller":"stat/metrics.go:210","content":"(forum-api) - qps: 0.1/s, drops: 0, avg time: 2.0ms, med: 2.1ms, 90th: 3.0ms, 99th: 3.0ms, 99.9th: 3.0ms","level":"stat"}
{"@timestamp":"2025-07-09T17:06:07.782+08:00","caller":"stat/usage.go:61","content":"CPU: 0m, MEMORY: Alloc=1.9Mi, TotalAlloc=1.9Mi, Sys=13.3Mi, NumGC=0","level":"stat"}
{"@timestamp":"2025-07-09T17:06:07.783+08:00","caller":"cache/cachestat.go:71","content":"dbcache(sqlc) - qpm: 8, hit_ratio: 100.0%, hit: 8, miss: 0, db_fails: 0","level":"stat"}
{"@timestamp":"2025-07-09T17:06:07.785+08:00","caller":"load/sheddingstat.go:61","content":"(api) shedding_stat [1m], cpu: 0, total: 4, pass: 4, drop: 0","level":"stat"}
{"@timestamp":"2025-07-09T17:06:28.390+08:00","caller":"stat/metrics.go:210","content":"(forum-api) - qps: 0.0/s, drops: 0, avg time: 0.0ms, med: 0.0ms, 90th: 0.0ms, 99th: 0.0ms, 99.9th: 0.0ms","level":"stat"}
{"@timestamp":"2025-07-09T17:07:07.784+08:00","caller":"stat/usage.go:61","content":"CPU: 0m, MEMORY: Alloc=1.9Mi, TotalAlloc=1.9Mi, Sys=13.3Mi, NumGC=0","level":"stat"}
{"@timestamp":"2025-07-09T17:07:07.786+08:00","caller":"load/sheddingstat.go:61","content":"(api) shedding_stat [1m], cpu: 0, total: 0, pass: 0, drop: 0","level":"stat"}
{"@timestamp":"2025-07-09T17:07:28.391+08:00","caller":"stat/metrics.go:210","content":"(forum-api) - qps: 0.0/s, drops: 0, avg time: 0.0ms, med: 0.0ms, 90th: 0.0ms, 99th: 0.0ms, 99.9th: 0.0ms","level":"stat"}
{"@timestamp":"2025-07-09T17:08:07.784+08:00","caller":"stat/usage.go:61","content":"CPU: 0m, MEMORY: Alloc=1.9Mi, TotalAlloc=1.9Mi, Sys=13.3Mi, NumGC=0","level":"stat"}
{"@timestamp":"2025-07-09T17:08:07.787+08:00","caller":"load/sheddingstat.go:61","content":"(api) shedding_stat [1m], cpu: 0, total: 0, pass: 0, drop: 0","level":"stat"}
{"@timestamp":"2025-07-09T17:08:28.392+08:00","caller":"stat/metrics.go:210","content":"(forum-api) - qps: 0.0/s, drops: 0, avg time: 0.0ms, med: 0.0ms, 90th: 0.0ms, 99th: 0.0ms, 99.9th: 0.0ms","level":"stat"}
{"@timestamp":"2025-07-09T17:09:07.785+08:00","caller":"stat/usage.go:61","content":"CPU: 0m, MEMORY: Alloc=1.9Mi, TotalAlloc=1.9Mi, Sys=13.3Mi, NumGC=0","level":"stat"}
{"@timestamp":"2025-07-09T17:09:07.787+08:00","caller":"load/sheddingstat.go:61","content":"(api) shedding_stat [1m], cpu: 0, total: 0, pass: 0, drop: 0","level":"stat"}
{"@timestamp":"2025-07-09T17:09:28.392+08:00","caller":"stat/metrics.go:210","content":"(forum-api) - qps: 0.0/s, drops: 0, avg time: 0.0ms, med: 0.0ms, 90th: 0.0ms, 99th: 0.0ms, 99.9th: 0.0ms","level":"stat"}
{"@timestamp":"2025-07-09T17:10:07.785+08:00","caller":"stat/usage.go:61","content":"CPU: 0m, MEMORY: Alloc=1.9Mi, TotalAlloc=1.9Mi, Sys=13.3Mi, NumGC=0","level":"stat"}
{"@timestamp":"2025-07-09T17:10:07.788+08:00","caller":"load/sheddingstat.go:61","content":"(api) shedding_stat [1m], cpu: 0, total: 0, pass: 0, drop: 0","level":"stat"}
{"@timestamp":"2025-07-09T17:10:28.393+08:00","caller":"stat/metrics.go:210","content":"(forum-api) - qps: 0.0/s, drops: 0, avg time: 0.0ms, med: 0.0ms, 90th: 0.0ms, 99th: 0.0ms, 99.9th: 0.0ms","level":"stat"}
{"@timestamp":"2025-07-09T17:11:07.787+08:00","caller":"stat/usage.go:61","content":"CPU: 0m, MEMORY: Alloc=1.9Mi, TotalAlloc=1.9Mi, Sys=13.3Mi, NumGC=0","level":"stat"}
{"@timestamp":"2025-07-09T17:11:07.789+08:00","caller":"load/sheddingstat.go:61","content":"(api) shedding_stat [1m], cpu: 0, total: 0, pass: 0, drop: 0","level":"stat"}
{"@timestamp":"2025-07-09T17:11:28.394+08:00","caller":"stat/metrics.go:210","content":"(forum-api) - qps: 0.0/s, drops: 0, avg time: 0.0ms, med: 0.0ms, 90th: 0.0ms, 99th: 0.0ms, 99.9th: 0.0ms","level":"stat"}
{"@timestamp":"2025-07-09T17:12:07.787+08:00","caller":"stat/usage.go:61","content":"CPU: 0m, MEMORY: Alloc=1.9Mi, TotalAlloc=1.9Mi, Sys=13.3Mi, NumGC=0","level":"stat"}
{"@timestamp":"2025-07-09T17:12:07.790+08:00","caller":"load/sheddingstat.go:61","content":"(api) shedding_stat [1m], cpu: 0, total: 0, pass: 0, drop: 0","level":"stat"}
{"@timestamp":"2025-07-09T17:12:28.395+08:00","caller":"stat/metrics.go:210","content":"(forum-api) - qps: 0.0/s, drops: 0, avg time: 0.0ms, med: 0.0ms, 90th: 0.0ms, 99th: 0.0ms, 99.9th: 0.0ms","level":"stat"}
{"@timestamp":"2025-07-09T17:13:07.788+08:00","caller":"stat/usage.go:61","content":"CPU: 0m, MEMORY: Alloc=1.9Mi, TotalAlloc=1.9Mi, Sys=13.3Mi, NumGC=0","level":"stat"}
{"@timestamp":"2025-07-09T17:13:07.791+08:00","caller":"load/sheddingstat.go:61","content":"(api) shedding_stat [1m], cpu: 0, total: 0, pass: 0, drop: 0","level":"stat"}
{"@timestamp":"2025-07-09T17:13:28.395+08:00","caller":"stat/metrics.go:210","content":"(forum-api) - qps: 0.0/s, drops: 0, avg time: 0.0ms, med: 0.0ms, 90th: 0.0ms, 99th: 0.0ms, 99.9th: 0.0ms","level":"stat"}
{"@timestamp":"2025-07-09T17:14:07.788+08:00","caller":"stat/usage.go:61","content":"CPU: 0m, MEMORY: Alloc=1.9Mi, TotalAlloc=1.9Mi, Sys=13.3Mi, NumGC=0","level":"stat"}
{"@timestamp":"2025-07-09T17:14:07.791+08:00","caller":"load/sheddingstat.go:61","content":"(api) shedding_stat [1m], cpu: 0, total: 0, pass: 0, drop: 0","level":"stat"}
{"@timestamp":"2025-07-09T17:14:28.396+08:00","caller":"stat/metrics.go:210","content":"(forum-api) - qps: 0.0/s, drops: 0, avg time: 0.0ms, med: 0.0ms, 90th: 0.0ms, 99th: 0.0ms, 99.9th: 0.0ms","level":"stat"}
{"@timestamp":"2025-07-09T17:15:07.789+08:00","caller":"stat/usage.go:61","content":"CPU: 0m, MEMORY: Alloc=1.9Mi, TotalAlloc=1.9Mi, Sys=13.3Mi, NumGC=0","level":"stat"}
{"@timestamp":"2025-07-09T17:15:07.792+08:00","caller":"load/sheddingstat.go:61","content":"(api) shedding_stat [1m], cpu: 0, total: 0, pass: 0, drop: 0","level":"stat"}
{"@timestamp":"2025-07-09T17:15:28.397+08:00","caller":"stat/metrics.go:210","content":"(forum-api) - qps: 0.0/s, drops: 0, avg time: 0.0ms, med: 0.0ms, 90th: 0.0ms, 99th: 0.0ms, 99.9th: 0.0ms","level":"stat"}
{"@timestamp":"2025-07-09T17:16:07.790+08:00","caller":"stat/usage.go:61","content":"CPU: 0m, MEMORY: Alloc=1.9Mi, TotalAlloc=1.9Mi, Sys=13.3Mi, NumGC=0","level":"stat"}
{"@timestamp":"2025-07-09T17:16:07.793+08:00","caller":"load/sheddingstat.go:61","content":"(api) shedding_stat [1m], cpu: 0, total: 0, pass: 0, drop: 0","level":"stat"}
{"@timestamp":"2025-07-09T17:16:28.398+08:00","caller":"stat/metrics.go:210","content":"(forum-api) - qps: 0.0/s, drops: 0, avg time: 0.0ms, med: 0.0ms, 90th: 0.0ms, 99th: 0.0ms, 99.9th: 0.0ms","level":"stat"}
{"@timestamp":"2025-07-09T17:17:07.790+08:00","caller":"stat/usage.go:61","content":"CPU: 0m, MEMORY: Alloc=1.9Mi, TotalAlloc=1.9Mi, Sys=13.3Mi, NumGC=0","level":"stat"}
{"@timestamp":"2025-07-09T17:17:07.793+08:00","caller":"load/sheddingstat.go:61","content":"(api) shedding_stat [1m], cpu: 0, total: 0, pass: 0, drop: 0","level":"stat"}
{"@timestamp":"2025-07-09T17:17:28.397+08:00","caller":"stat/metrics.go:210","content":"(forum-api) - qps: 0.0/s, drops: 0, avg time: 0.0ms, med: 0.0ms, 90th: 0.0ms, 99th: 0.0ms, 99.9th: 0.0ms","level":"stat"}
{"@timestamp":"2025-07-09T17:18:07.791+08:00","caller":"stat/usage.go:61","content":"CPU: 0m, MEMORY: Alloc=1.9Mi, TotalAlloc=1.9Mi, Sys=13.3Mi, NumGC=0","level":"stat"}
{"@timestamp":"2025-07-09T17:18:07.794+08:00","caller":"load/sheddingstat.go:61","content":"(api) shedding_stat [1m], cpu: 0, total: 0, pass: 0, drop: 0","level":"stat"}
{"@timestamp":"2025-07-09T17:18:28.399+08:00","caller":"stat/metrics.go:210","content":"(forum-api) - qps: 0.0/s, drops: 0, avg time: 0.0ms, med: 0.0ms, 90th: 0.0ms, 99th: 0.0ms, 99.9th: 0.0ms","level":"stat"}
{"@timestamp":"2025-07-09T17:19:07.792+08:00","caller":"stat/usage.go:61","content":"CPU: 0m, MEMORY: Alloc=1.9Mi, TotalAlloc=1.9Mi, Sys=13.3Mi, NumGC=0","level":"stat"}
{"@timestamp":"2025-07-09T17:19:07.795+08:00","caller":"load/sheddingstat.go:61","content":"(api) shedding_stat [1m], cpu: 0, total: 0, pass: 0, drop: 0","level":"stat"}
{"@timestamp":"2025-07-09T17:19:28.400+08:00","caller":"stat/metrics.go:210","content":"(forum-api) - qps: 0.0/s, drops: 0, avg time: 0.0ms, med: 0.0ms, 90th: 0.0ms, 99th: 0.0ms, 99.9th: 0.0ms","level":"stat"}
{"@timestamp":"2025-07-09T17:20:07.793+08:00","caller":"stat/usage.go:61","content":"CPU: 0m, MEMORY: Alloc=1.9Mi, TotalAlloc=1.9Mi, Sys=13.3Mi, NumGC=0","level":"stat"}
{"@timestamp":"2025-07-09T17:20:07.796+08:00","caller":"load/sheddingstat.go:61","content":"(api) shedding_stat [1m], cpu: 0, total: 0, pass: 0, drop: 0","level":"stat"}
{"@timestamp":"2025-07-09T17:20:28.401+08:00","caller":"stat/metrics.go:210","content":"(forum-api) - qps: 0.0/s, drops: 0, avg time: 0.0ms, med: 0.0ms, 90th: 0.0ms, 99th: 0.0ms, 99.9th: 0.0ms","level":"stat"}
{"@timestamp":"2025-07-09T17:21:07.793+08:00","caller":"stat/usage.go:61","content":"CPU: 0m, MEMORY: Alloc=1.9Mi, TotalAlloc=1.9Mi, Sys=13.3Mi, NumGC=0","level":"stat"}
{"@timestamp":"2025-07-09T17:21:07.797+08:00","caller":"load/sheddingstat.go:61","content":"(api) shedding_stat [1m], cpu: 0, total: 0, pass: 0, drop: 0","level":"stat"}
{"@timestamp":"2025-07-09T17:21:28.401+08:00","caller":"stat/metrics.go:210","content":"(forum-api) - qps: 0.0/s, drops: 0, avg time: 0.0ms, med: 0.0ms, 90th: 0.0ms, 99th: 0.0ms, 99.9th: 0.0ms","level":"stat"}
{"@timestamp":"2025-07-09T17:22:07.794+08:00","caller":"stat/usage.go:61","content":"CPU: 0m, MEMORY: Alloc=1.9Mi, TotalAlloc=1.9Mi, Sys=13.3Mi, NumGC=0","level":"stat"}
{"@timestamp":"2025-07-09T17:22:07.797+08:00","caller":"load/sheddingstat.go:61","content":"(api) shedding_stat [1m], cpu: 0, total: 0, pass: 0, drop: 0","level":"stat"}
{"@timestamp":"2025-07-09T17:22:28.402+08:00","caller":"stat/metrics.go:210","content":"(forum-api) - qps: 0.0/s, drops: 0, avg time: 0.0ms, med: 0.0ms, 90th: 0.0ms, 99th: 0.0ms, 99.9th: 0.0ms","level":"stat"}
{"@timestamp":"2025-07-09T17:23:07.795+08:00","caller":"stat/usage.go:61","content":"CPU: 0m, MEMORY: Alloc=1.9Mi, TotalAlloc=1.9Mi, Sys=13.3Mi, NumGC=0","level":"stat"}
{"@timestamp":"2025-07-09T17:23:07.798+08:00","caller":"load/sheddingstat.go:61","content":"(api) shedding_stat [1m], cpu: 0, total: 0, pass: 0, drop: 0","level":"stat"}
{"@timestamp":"2025-07-09T17:23:28.403+08:00","caller":"stat/metrics.go:210","content":"(forum-api) - qps: 0.0/s, drops: 0, avg time: 0.0ms, med: 0.0ms, 90th: 0.0ms, 99th: 0.0ms, 99.9th: 0.0ms","level":"stat"}
{"@timestamp":"2025-07-09T17:24:03.728+08:00","caller":"stat/metrics.go:210","content":"(forum-api) - qps: 0.0/s, drops: 0, avg time: 0.0ms, med: 0.0ms, 90th: 0.0ms, 99th: 0.0ms, 99.9th: 0.0ms","level":"stat"}
{"@timestamp":"2025-07-09T17:25:09.518+08:00","caller":"stat/usage.go:61","content":"CPU: 0m, MEMORY: Alloc=1.8Mi, TotalAlloc=2.2Mi, Sys=13.8Mi, NumGC=1","level":"stat"}
{"@timestamp":"2025-07-09T17:25:09.519+08:00","caller":"cache/cachestat.go:71","content":"dbcache(sqlc) - qpm: 13, hit_ratio: 76.9%, hit: 10, miss: 3, db_fails: 0","level":"stat"}
{"@timestamp":"2025-07-09T17:25:09.523+08:00","caller":"load/sheddingstat.go:61","content":"(api) shedding_stat [1m], cpu: 0, total: 27, pass: 27, drop: 0","level":"stat"}
{"@timestamp":"2025-07-09T17:25:23.998+08:00","caller":"stat/metrics.go:210","content":"(forum-api) - qps: 0.4/s, drops: 0, avg time: 2.8ms, med: 2.6ms, 90th: 5.0ms, 99th: 27.3ms, 99.9th: 27.3ms","level":"stat"}
{"@timestamp":"2025-07-09T17:26:09.518+08:00","caller":"stat/usage.go:61","content":"CPU: 0m, MEMORY: Alloc=1.8Mi, TotalAlloc=2.2Mi, Sys=13.8Mi, NumGC=1","level":"stat"}
{"@timestamp":"2025-07-09T17:26:09.524+08:00","caller":"load/sheddingstat.go:61","content":"(api) shedding_stat [1m], cpu: 0, total: 0, pass: 0, drop: 0","level":"stat"}
{"@timestamp":"2025-07-09T17:26:23.998+08:00","caller":"stat/metrics.go:210","content":"(forum-api) - qps: 0.0/s, drops: 0, avg time: 0.0ms, med: 0.0ms, 90th: 0.0ms, 99th: 0.0ms, 99.9th: 0.0ms","level":"stat"}
{"@timestamp":"2025-07-09T17:27:09.519+08:00","caller":"stat/usage.go:61","content":"CPU: 0m, MEMORY: Alloc=1.1Mi, TotalAlloc=2.2Mi, Sys=14.4Mi, NumGC=2","level":"stat"}
{"@timestamp":"2025-07-09T17:27:09.524+08:00","caller":"load/sheddingstat.go:61","content":"(api) shedding_stat [1m], cpu: 0, total: 0, pass: 0, drop: 0","level":"stat"}
{"@timestamp":"2025-07-09T17:27:23.999+08:00","caller":"stat/metrics.go:210","content":"(forum-api) - qps: 0.0/s, drops: 0, avg time: 0.0ms, med: 0.0ms, 90th: 0.0ms, 99th: 0.0ms, 99.9th: 0.0ms","level":"stat"}
{"@timestamp":"2025-07-09T17:28:09.520+08:00","caller":"stat/usage.go:61","content":"CPU: 0m, MEMORY: Alloc=1.2Mi, TotalAlloc=2.2Mi, Sys=14.4Mi, NumGC=2","level":"stat"}
{"@timestamp":"2025-07-09T17:28:09.525+08:00","caller":"load/sheddingstat.go:61","content":"(api) shedding_stat [1m], cpu: 0, total: 3, pass: 3, drop: 0","level":"stat"}
{"@timestamp":"2025-07-09T17:28:24.014+08:00","caller":"stat/metrics.go:210","content":"(forum-api) - qps: 0.1/s, drops: 0, avg time: 0.0ms, med: 0.0ms, 90th: 0.0ms, 99th: 0.0ms, 99.9th: 0.0ms","level":"stat"}
{"@timestamp":"2025-07-09T17:29:39.612+08:00","caller":"stat/usage.go:61","content":"CPU: 0m, MEMORY: Alloc=1.1Mi, TotalAlloc=2.2Mi, Sys=14.4Mi, NumGC=3","level":"stat"}
{"@timestamp":"2025-07-09T17:29:39.618+08:00","caller":"load/sheddingstat.go:61","content":"(api) shedding_stat [1m], cpu: 0, total: 1, pass: 1, drop: 0","level":"stat"}
{"@timestamp":"2025-07-09T17:29:54.095+08:00","caller":"stat/metrics.go:210","content":"(forum-api) - qps: 0.0/s, drops: 0, avg time: 0.0ms, med: 0.0ms, 90th: 0.0ms, 99th: 0.0ms, 99.9th: 0.0ms","level":"stat"}
{"@timestamp":"2025-07-09T17:30:39.617+08:00","caller":"stat/usage.go:61","content":"CPU: 0m, MEMORY: Alloc=1.1Mi, TotalAlloc=2.3Mi, Sys=14.4Mi, NumGC=3","level":"stat"}
{"@timestamp":"2025-07-09T17:30:39.622+08:00","caller":"load/sheddingstat.go:61","content":"(api) shedding_stat [1m], cpu: 0, total: 0, pass: 0, drop: 0","level":"stat"}
{"@timestamp":"2025-07-09T17:30:54.097+08:00","caller":"stat/metrics.go:210","content":"(forum-api) - qps: 0.0/s, drops: 0, avg time: 0.0ms, med: 0.0ms, 90th: 0.0ms, 99th: 0.0ms, 99.9th: 0.0ms","level":"stat"}
{"@timestamp":"2025-07-09T17:31:39.617+08:00","caller":"stat/usage.go:61","content":"CPU: 0m, MEMORY: Alloc=1.1Mi, TotalAlloc=2.3Mi, Sys=14.4Mi, NumGC=4","level":"stat"}
{"@timestamp":"2025-07-09T17:31:39.623+08:00","caller":"load/sheddingstat.go:61","content":"(api) shedding_stat [1m], cpu: 0, total: 0, pass: 0, drop: 0","level":"stat"}
{"@timestamp":"2025-07-09T17:31:54.098+08:00","caller":"stat/metrics.go:210","content":"(forum-api) - qps: 0.0/s, drops: 0, avg time: 0.0ms, med: 0.0ms, 90th: 0.0ms, 99th: 0.0ms, 99.9th: 0.0ms","level":"stat"}
{"@timestamp":"2025-07-09T17:32:39.619+08:00","caller":"stat/usage.go:61","content":"CPU: 0m, MEMORY: Alloc=1.1Mi, TotalAlloc=2.3Mi, Sys=14.4Mi, NumGC=4","level":"stat"}
{"@timestamp":"2025-07-09T17:32:39.624+08:00","caller":"load/sheddingstat.go:61","content":"(api) shedding_stat [1m], cpu: 0, total: 0, pass: 0, drop: 0","level":"stat"}
{"@timestamp":"2025-07-09T17:32:54.099+08:00","caller":"stat/metrics.go:210","content":"(forum-api) - qps: 0.0/s, drops: 0, avg time: 0.0ms, med: 0.0ms, 90th: 0.0ms, 99th: 0.0ms, 99.9th: 0.0ms","level":"stat"}
{"@timestamp":"2025-07-09T17:33:39.620+08:00","caller":"stat/usage.go:61","content":"CPU: 0m, MEMORY: Alloc=1.0Mi, TotalAlloc=2.3Mi, Sys=14.4Mi, NumGC=5","level":"stat"}
{"@timestamp":"2025-07-09T17:33:39.625+08:00","caller":"load/sheddingstat.go:61","content":"(api) shedding_stat [1m], cpu: 0, total: 0, pass: 0, drop: 0","level":"stat"}
{"@timestamp":"2025-07-09T17:33:54.100+08:00","caller":"stat/metrics.go:210","content":"(forum-api) - qps: 0.0/s, drops: 0, avg time: 0.0ms, med: 0.0ms, 90th: 0.0ms, 99th: 0.0ms, 99.9th: 0.0ms","level":"stat"}
{"@timestamp":"2025-07-09T17:34:39.621+08:00","caller":"stat/usage.go:61","content":"CPU: 0m, MEMORY: Alloc=1.1Mi, TotalAlloc=2.3Mi, Sys=14.4Mi, NumGC=5","level":"stat"}
{"@timestamp":"2025-07-09T17:34:39.626+08:00","caller":"load/sheddingstat.go:61","content":"(api) shedding_stat [1m], cpu: 0, total: 0, pass: 0, drop: 0","level":"stat"}
{"@timestamp":"2025-07-09T17:34:54.101+08:00","caller":"stat/metrics.go:210","content":"(forum-api) - qps: 0.0/s, drops: 0, avg time: 0.0ms, med: 0.0ms, 90th: 0.0ms, 99th: 0.0ms, 99.9th: 0.0ms","level":"stat"}
{"@timestamp":"2025-07-09T17:35:39.621+08:00","caller":"stat/usage.go:61","content":"CPU: 0m, MEMORY: Alloc=1.0Mi, TotalAlloc=2.3Mi, Sys=14.4Mi, NumGC=6","level":"stat"}
{"@timestamp":"2025-07-09T17:35:39.627+08:00","caller":"load/sheddingstat.go:61","content":"(api) shedding_stat [1m], cpu: 0, total: 0, pass: 0, drop: 0","level":"stat"}
{"@timestamp":"2025-07-09T17:35:54.102+08:00","caller":"stat/metrics.go:210","content":"(forum-api) - qps: 0.0/s, drops: 0, avg time: 0.0ms, med: 0.0ms, 90th: 0.0ms, 99th: 0.0ms, 99.9th: 0.0ms","level":"stat"}
{"@timestamp":"2025-07-09T17:36:39.623+08:00","caller":"stat/usage.go:61","content":"CPU: 0m, MEMORY: Alloc=1.1Mi, TotalAlloc=2.3Mi, Sys=14.4Mi, NumGC=6","level":"stat"}
{"@timestamp":"2025-07-09T17:36:39.628+08:00","caller":"load/sheddingstat.go:61","content":"(api) shedding_stat [1m], cpu: 0, total: 0, pass: 0, drop: 0","level":"stat"}
{"@timestamp":"2025-07-09T17:36:54.103+08:00","caller":"stat/metrics.go:210","content":"(forum-api) - qps: 0.0/s, drops: 0, avg time: 0.0ms, med: 0.0ms, 90th: 0.0ms, 99th: 0.0ms, 99.9th: 0.0ms","level":"stat"}
{"@timestamp":"2025-07-09T17:37:39.624+08:00","caller":"stat/usage.go:61","content":"CPU: 0m, MEMORY: Alloc=1.0Mi, TotalAlloc=2.3Mi, Sys=14.4Mi, NumGC=7","level":"stat"}
{"@timestamp":"2025-07-09T17:37:39.630+08:00","caller":"load/sheddingstat.go:61","content":"(api) shedding_stat [1m], cpu: 0, total: 0, pass: 0, drop: 0","level":"stat"}
{"@timestamp":"2025-07-09T17:37:54.104+08:00","caller":"stat/metrics.go:210","content":"(forum-api) - qps: 0.0/s, drops: 0, avg time: 0.0ms, med: 0.0ms, 90th: 0.0ms, 99th: 0.0ms, 99.9th: 0.0ms","level":"stat"}
{"@timestamp":"2025-07-09T17:38:39.625+08:00","caller":"stat/usage.go:61","content":"CPU: 0m, MEMORY: Alloc=1.1Mi, TotalAlloc=2.3Mi, Sys=14.4Mi, NumGC=7","level":"stat"}
{"@timestamp":"2025-07-09T17:38:39.630+08:00","caller":"load/sheddingstat.go:61","content":"(api) shedding_stat [1m], cpu: 0, total: 0, pass: 0, drop: 0","level":"stat"}
{"@timestamp":"2025-07-09T17:38:54.105+08:00","caller":"stat/metrics.go:210","content":"(forum-api) - qps: 0.0/s, drops: 0, avg time: 0.0ms, med: 0.0ms, 90th: 0.0ms, 99th: 0.0ms, 99.9th: 0.0ms","level":"stat"}
{"@timestamp":"2025-07-09T17:39:39.626+08:00","caller":"stat/usage.go:61","content":"CPU: 0m, MEMORY: Alloc=1.0Mi, TotalAlloc=2.3Mi, Sys=14.4Mi, NumGC=8","level":"stat"}
{"@timestamp":"2025-07-09T17:39:39.631+08:00","caller":"load/sheddingstat.go:61","content":"(api) shedding_stat [1m], cpu: 0, total: 0, pass: 0, drop: 0","level":"stat"}
{"@timestamp":"2025-07-09T17:39:54.106+08:00","caller":"stat/metrics.go:210","content":"(forum-api) - qps: 0.0/s, drops: 0, avg time: 0.0ms, med: 0.0ms, 90th: 0.0ms, 99th: 0.0ms, 99.9th: 0.0ms","level":"stat"}
{"@timestamp":"2025-07-09T17:40:39.627+08:00","caller":"stat/usage.go:61","content":"CPU: 0m, MEMORY: Alloc=1.1Mi, TotalAlloc=2.3Mi, Sys=14.4Mi, NumGC=8","level":"stat"}
{"@timestamp":"2025-07-09T17:40:39.632+08:00","caller":"load/sheddingstat.go:61","content":"(api) shedding_stat [1m], cpu: 0, total: 0, pass: 0, drop: 0","level":"stat"}
{"@timestamp":"2025-07-09T17:40:54.107+08:00","caller":"stat/metrics.go:210","content":"(forum-api) - qps: 0.0/s, drops: 0, avg time: 0.0ms, med: 0.0ms, 90th: 0.0ms, 99th: 0.0ms, 99.9th: 0.0ms","level":"stat"}
{"@timestamp":"2025-07-09T17:41:39.628+08:00","caller":"stat/usage.go:61","content":"CPU: 0m, MEMORY: Alloc=1.0Mi, TotalAlloc=2.3Mi, Sys=14.4Mi, NumGC=9","level":"stat"}
{"@timestamp":"2025-07-09T17:41:39.634+08:00","caller":"load/sheddingstat.go:61","content":"(api) shedding_stat [1m], cpu: 0, total: 0, pass: 0, drop: 0","level":"stat"}
{"@timestamp":"2025-07-09T17:41:54.108+08:00","caller":"stat/metrics.go:210","content":"(forum-api) - qps: 0.0/s, drops: 0, avg time: 0.0ms, med: 0.0ms, 90th: 0.0ms, 99th: 0.0ms, 99.9th: 0.0ms","level":"stat"}
{"@timestamp":"2025-07-09T17:42:39.629+08:00","caller":"stat/usage.go:61","content":"CPU: 0m, MEMORY: Alloc=1.1Mi, TotalAlloc=2.3Mi, Sys=14.4Mi, NumGC=9","level":"stat"}
{"@timestamp":"2025-07-09T17:42:39.635+08:00","caller":"load/sheddingstat.go:61","content":"(api) shedding_stat [1m], cpu: 0, total: 0, pass: 0, drop: 0","level":"stat"}
{"@timestamp":"2025-07-09T17:42:54.109+08:00","caller":"stat/metrics.go:210","content":"(forum-api) - qps: 0.0/s, drops: 0, avg time: 0.0ms, med: 0.0ms, 90th: 0.0ms, 99th: 0.0ms, 99.9th: 0.0ms","level":"stat"}
{"@timestamp":"2025-07-09T17:43:39.630+08:00","caller":"stat/usage.go:61","content":"CPU: 0m, MEMORY: Alloc=1.0Mi, TotalAlloc=2.3Mi, Sys=14.4Mi, NumGC=10","level":"stat"}
{"@timestamp":"2025-07-09T17:43:39.636+08:00","caller":"load/sheddingstat.go:61","content":"(api) shedding_stat [1m], cpu: 0, total: 0, pass: 0, drop: 0","level":"stat"}
{"@timestamp":"2025-07-09T17:43:54.111+08:00","caller":"stat/metrics.go:210","content":"(forum-api) - qps: 0.0/s, drops: 0, avg time: 0.0ms, med: 0.0ms, 90th: 0.0ms, 99th: 0.0ms, 99.9th: 0.0ms","level":"stat"}
{"@timestamp":"2025-07-09T17:44:39.631+08:00","caller":"stat/usage.go:61","content":"CPU: 0m, MEMORY: Alloc=1.1Mi, TotalAlloc=2.3Mi, Sys=14.4Mi, NumGC=10","level":"stat"}
{"@timestamp":"2025-07-09T17:44:39.637+08:00","caller":"load/sheddingstat.go:61","content":"(api) shedding_stat [1m], cpu: 0, total: 0, pass: 0, drop: 0","level":"stat"}
{"@timestamp":"2025-07-09T17:44:54.112+08:00","caller":"stat/metrics.go:210","content":"(forum-api) - qps: 0.0/s, drops: 0, avg time: 0.0ms, med: 0.0ms, 90th: 0.0ms, 99th: 0.0ms, 99.9th: 0.0ms","level":"stat"}
{"@timestamp":"2025-07-09T17:45:39.632+08:00","caller":"stat/usage.go:61","content":"CPU: 0m, MEMORY: Alloc=1.0Mi, TotalAlloc=2.3Mi, Sys=14.4Mi, NumGC=11","level":"stat"}
{"@timestamp":"2025-07-09T17:45:39.638+08:00","caller":"load/sheddingstat.go:61","content":"(api) shedding_stat [1m], cpu: 0, total: 0, pass: 0, drop: 0","level":"stat"}
{"@timestamp":"2025-07-09T17:45:54.113+08:00","caller":"stat/metrics.go:210","content":"(forum-api) - qps: 0.0/s, drops: 0, avg time: 0.0ms, med: 0.0ms, 90th: 0.0ms, 99th: 0.0ms, 99.9th: 0.0ms","level":"stat"}
{"@timestamp":"2025-07-09T17:46:39.633+08:00","caller":"stat/usage.go:61","content":"CPU: 0m, MEMORY: Alloc=1.1Mi, TotalAlloc=2.4Mi, Sys=14.4Mi, NumGC=11","level":"stat"}
{"@timestamp":"2025-07-09T17:46:39.639+08:00","caller":"load/sheddingstat.go:61","content":"(api) shedding_stat [1m], cpu: 0, total: 0, pass: 0, drop: 0","level":"stat"}
{"@timestamp":"2025-07-09T17:46:54.114+08:00","caller":"stat/metrics.go:210","content":"(forum-api) - qps: 0.0/s, drops: 0, avg time: 0.0ms, med: 0.0ms, 90th: 0.0ms, 99th: 0.0ms, 99.9th: 0.0ms","level":"stat"}
{"@timestamp":"2025-07-09T17:47:39.635+08:00","caller":"stat/usage.go:61","content":"CPU: 0m, MEMORY: Alloc=1.0Mi, TotalAlloc=2.4Mi, Sys=14.4Mi, NumGC=12","level":"stat"}
{"@timestamp":"2025-07-09T17:47:39.640+08:00","caller":"load/sheddingstat.go:61","content":"(api) shedding_stat [1m], cpu: 0, total: 0, pass: 0, drop: 0","level":"stat"}
{"@timestamp":"2025-07-09T17:47:54.115+08:00","caller":"stat/metrics.go:210","content":"(forum-api) - qps: 0.0/s, drops: 0, avg time: 0.0ms, med: 0.0ms, 90th: 0.0ms, 99th: 0.0ms, 99.9th: 0.0ms","level":"stat"}
{"@timestamp":"2025-07-09T17:48:39.635+08:00","caller":"stat/usage.go:61","content":"CPU: 0m, MEMORY: Alloc=1.1Mi, TotalAlloc=2.4Mi, Sys=14.4Mi, NumGC=12","level":"stat"}
{"@timestamp":"2025-07-09T17:48:39.641+08:00","caller":"load/sheddingstat.go:61","content":"(api) shedding_stat [1m], cpu: 0, total: 0, pass: 0, drop: 0","level":"stat"}
{"@timestamp":"2025-07-09T17:48:54.116+08:00","caller":"stat/metrics.go:210","content":"(forum-api) - qps: 0.0/s, drops: 0, avg time: 0.0ms, med: 0.0ms, 90th: 0.0ms, 99th: 0.0ms, 99.9th: 0.0ms","level":"stat"}
{"@timestamp":"2025-07-09T17:49:39.637+08:00","caller":"stat/usage.go:61","content":"CPU: 0m, MEMORY: Alloc=1.0Mi, TotalAlloc=2.4Mi, Sys=14.4Mi, NumGC=13","level":"stat"}
{"@timestamp":"2025-07-09T17:49:39.642+08:00","caller":"load/sheddingstat.go:61","content":"(api) shedding_stat [1m], cpu: 0, total: 0, pass: 0, drop: 0","level":"stat"}
{"@timestamp":"2025-07-09T17:49:54.117+08:00","caller":"stat/metrics.go:210","content":"(forum-api) - qps: 0.0/s, drops: 0, avg time: 0.0ms, med: 0.0ms, 90th: 0.0ms, 99th: 0.0ms, 99.9th: 0.0ms","level":"stat"}
{"@timestamp":"2025-07-09T17:50:39.637+08:00","caller":"stat/usage.go:61","content":"CPU: 0m, MEMORY: Alloc=1.1Mi, TotalAlloc=2.4Mi, Sys=14.4Mi, NumGC=13","level":"stat"}
{"@timestamp":"2025-07-09T17:50:39.643+08:00","caller":"load/sheddingstat.go:61","content":"(api) shedding_stat [1m], cpu: 0, total: 0, pass: 0, drop: 0","level":"stat"}
{"@timestamp":"2025-07-09T17:50:54.117+08:00","caller":"stat/metrics.go:210","content":"(forum-api) - qps: 0.0/s, drops: 0, avg time: 0.0ms, med: 0.0ms, 90th: 0.0ms, 99th: 0.0ms, 99.9th: 0.0ms","level":"stat"}
{"@timestamp":"2025-07-09T17:51:39.639+08:00","caller":"stat/usage.go:61","content":"CPU: 0m, MEMORY: Alloc=1.0Mi, TotalAlloc=2.4Mi, Sys=14.4Mi, NumGC=14","level":"stat"}
{"@timestamp":"2025-07-09T17:51:39.644+08:00","caller":"load/sheddingstat.go:61","content":"(api) shedding_stat [1m], cpu: 0, total: 0, pass: 0, drop: 0","level":"stat"}
{"@timestamp":"2025-07-09T17:51:54.119+08:00","caller":"stat/metrics.go:210","content":"(forum-api) - qps: 0.0/s, drops: 0, avg time: 0.0ms, med: 0.0ms, 90th: 0.0ms, 99th: 0.0ms, 99.9th: 0.0ms","level":"stat"}
{"@timestamp":"2025-07-09T17:52:39.640+08:00","caller":"stat/usage.go:61","content":"CPU: 0m, MEMORY: Alloc=1.1Mi, TotalAlloc=2.4Mi, Sys=14.4Mi, NumGC=14","level":"stat"}
{"@timestamp":"2025-07-09T17:52:39.645+08:00","caller":"load/sheddingstat.go:61","content":"(api) shedding_stat [1m], cpu: 0, total: 0, pass: 0, drop: 0","level":"stat"}
{"@timestamp":"2025-07-09T17:52:54.120+08:00","caller":"stat/metrics.go:210","content":"(forum-api) - qps: 0.0/s, drops: 0, avg time: 0.0ms, med: 0.0ms, 90th: 0.0ms, 99th: 0.0ms, 99.9th: 0.0ms","level":"stat"}
{"@timestamp":"2025-07-09T17:53:39.640+08:00","caller":"stat/usage.go:61","content":"CPU: 0m, MEMORY: Alloc=1.0Mi, TotalAlloc=2.4Mi, Sys=14.4Mi, NumGC=15","level":"stat"}
{"@timestamp":"2025-07-09T17:53:39.646+08:00","caller":"load/sheddingstat.go:61","content":"(api) shedding_stat [1m], cpu: 0, total: 0, pass: 0, drop: 0","level":"stat"}
{"@timestamp":"2025-07-09T17:53:54.121+08:00","caller":"stat/metrics.go:210","content":"(forum-api) - qps: 0.0/s, drops: 0, avg time: 0.0ms, med: 0.0ms, 90th: 0.0ms, 99th: 0.0ms, 99.9th: 0.0ms","level":"stat"}
{"@timestamp":"2025-07-09T17:54:39.642+08:00","caller":"stat/usage.go:61","content":"CPU: 0m, MEMORY: Alloc=1.1Mi, TotalAlloc=2.4Mi, Sys=14.4Mi, NumGC=15","level":"stat"}
{"@timestamp":"2025-07-09T17:54:39.647+08:00","caller":"load/sheddingstat.go:61","content":"(api) shedding_stat [1m], cpu: 0, total: 0, pass: 0, drop: 0","level":"stat"}
{"@timestamp":"2025-07-09T17:54:54.122+08:00","caller":"stat/metrics.go:210","content":"(forum-api) - qps: 0.0/s, drops: 0, avg time: 0.0ms, med: 0.0ms, 90th: 0.0ms, 99th: 0.0ms, 99.9th: 0.0ms","level":"stat"}
{"@timestamp":"2025-07-09T17:55:39.643+08:00","caller":"stat/usage.go:61","content":"CPU: 0m, MEMORY: Alloc=1.0Mi, TotalAlloc=2.4Mi, Sys=14.4Mi, NumGC=16","level":"stat"}
{"@timestamp":"2025-07-09T17:55:39.648+08:00","caller":"load/sheddingstat.go:61","content":"(api) shedding_stat [1m], cpu: 0, total: 0, pass: 0, drop: 0","level":"stat"}
{"@timestamp":"2025-07-09T17:55:54.123+08:00","caller":"stat/metrics.go:210","content":"(forum-api) - qps: 0.0/s, drops: 0, avg time: 0.0ms, med: 0.0ms, 90th: 0.0ms, 99th: 0.0ms, 99.9th: 0.0ms","level":"stat"}
{"@timestamp":"2025-07-09T17:56:39.644+08:00","caller":"stat/usage.go:61","content":"CPU: 0m, MEMORY: Alloc=1.1Mi, TotalAlloc=2.4Mi, Sys=14.4Mi, NumGC=16","level":"stat"}
{"@timestamp":"2025-07-09T17:56:39.649+08:00","caller":"load/sheddingstat.go:61","content":"(api) shedding_stat [1m], cpu: 0, total: 0, pass: 0, drop: 0","level":"stat"}
{"@timestamp":"2025-07-09T17:56:54.124+08:00","caller":"stat/metrics.go:210","content":"(forum-api) - qps: 0.0/s, drops: 0, avg time: 0.0ms, med: 0.0ms, 90th: 0.0ms, 99th: 0.0ms, 99.9th: 0.0ms","level":"stat"}
{"@timestamp":"2025-07-09T17:57:39.645+08:00","caller":"stat/usage.go:61","content":"CPU: 0m, MEMORY: Alloc=1.0Mi, TotalAlloc=2.4Mi, Sys=14.4Mi, NumGC=17","level":"stat"}
{"@timestamp":"2025-07-09T17:57:39.650+08:00","caller":"load/sheddingstat.go:61","content":"(api) shedding_stat [1m], cpu: 0, total: 0, pass: 0, drop: 0","level":"stat"}
{"@timestamp":"2025-07-09T17:57:54.125+08:00","caller":"stat/metrics.go:210","content":"(forum-api) - qps: 0.0/s, drops: 0, avg time: 0.0ms, med: 0.0ms, 90th: 0.0ms, 99th: 0.0ms, 99.9th: 0.0ms","level":"stat"}
{"@timestamp":"2025-07-09T17:58:39.646+08:00","caller":"stat/usage.go:61","content":"CPU: 0m, MEMORY: Alloc=1.1Mi, TotalAlloc=2.4Mi, Sys=14.4Mi, NumGC=17","level":"stat"}
{"@timestamp":"2025-07-09T17:58:39.651+08:00","caller":"load/sheddingstat.go:61","content":"(api) shedding_stat [1m], cpu: 0, total: 0, pass: 0, drop: 0","level":"stat"}
{"@timestamp":"2025-07-09T17:58:54.126+08:00","caller":"stat/metrics.go:210","content":"(forum-api) - qps: 0.0/s, drops: 0, avg time: 0.0ms, med: 0.0ms, 90th: 0.0ms, 99th: 0.0ms, 99.9th: 0.0ms","level":"stat"}
{"@timestamp":"2025-07-09T17:59:39.647+08:00","caller":"stat/usage.go:61","content":"CPU: 0m, MEMORY: Alloc=1.0Mi, TotalAlloc=2.4Mi, Sys=14.4Mi, NumGC=18","level":"stat"}
{"@timestamp":"2025-07-09T17:59:39.652+08:00","caller":"load/sheddingstat.go:61","content":"(api) shedding_stat [1m], cpu: 0, total: 0, pass: 0, drop: 0","level":"stat"}
{"@timestamp":"2025-07-09T17:59:54.127+08:00","caller":"stat/metrics.go:210","content":"(forum-api) - qps: 0.0/s, drops: 0, avg time: 0.0ms, med: 0.0ms, 90th: 0.0ms, 99th: 0.0ms, 99.9th: 0.0ms","level":"stat"}
{"@timestamp":"2025-07-09T18:00:39.648+08:00","caller":"stat/usage.go:61","content":"CPU: 0m, MEMORY: Alloc=1.1Mi, TotalAlloc=2.4Mi, Sys=14.4Mi, NumGC=18","level":"stat"}
{"@timestamp":"2025-07-09T18:00:39.653+08:00","caller":"load/sheddingstat.go:61","content":"(api) shedding_stat [1m], cpu: 0, total: 0, pass: 0, drop: 0","level":"stat"}
{"@timestamp":"2025-07-09T18:00:54.128+08:00","caller":"stat/metrics.go:210","content":"(forum-api) - qps: 0.0/s, drops: 0, avg time: 0.0ms, med: 0.0ms, 90th: 0.0ms, 99th: 0.0ms, 99.9th: 0.0ms","level":"stat"}
{"@timestamp":"2025-07-09T18:01:39.648+08:00","caller":"stat/usage.go:61","content":"CPU: 0m, MEMORY: Alloc=1.0Mi, TotalAlloc=2.4Mi, Sys=14.4Mi, NumGC=19","level":"stat"}
{"@timestamp":"2025-07-09T18:01:39.654+08:00","caller":"load/sheddingstat.go:61","content":"(api) shedding_stat [1m], cpu: 0, total: 0, pass: 0, drop: 0","level":"stat"}
{"@timestamp":"2025-07-09T18:01:54.129+08:00","caller":"stat/metrics.go:210","content":"(forum-api) - qps: 0.0/s, drops: 0, avg time: 0.0ms, med: 0.0ms, 90th: 0.0ms, 99th: 0.0ms, 99.9th: 0.0ms","level":"stat"}
{"@timestamp":"2025-07-09T18:02:39.650+08:00","caller":"stat/usage.go:61","content":"CPU: 0m, MEMORY: Alloc=1.1Mi, TotalAlloc=2.5Mi, Sys=14.4Mi, NumGC=19","level":"stat"}
{"@timestamp":"2025-07-09T18:02:39.656+08:00","caller":"load/sheddingstat.go:61","content":"(api) shedding_stat [1m], cpu: 0, total: 0, pass: 0, drop: 0","level":"stat"}
{"@timestamp":"2025-07-09T18:02:54.130+08:00","caller":"stat/metrics.go:210","content":"(forum-api) - qps: 0.0/s, drops: 0, avg time: 0.0ms, med: 0.0ms, 90th: 0.0ms, 99th: 0.0ms, 99.9th: 0.0ms","level":"stat"}
{"@timestamp":"2025-07-09T18:03:39.652+08:00","caller":"stat/usage.go:61","content":"CPU: 0m, MEMORY: Alloc=1.0Mi, TotalAlloc=2.5Mi, Sys=14.4Mi, NumGC=20","level":"stat"}
{"@timestamp":"2025-07-09T18:03:39.657+08:00","caller":"load/sheddingstat.go:61","content":"(api) shedding_stat [1m], cpu: 0, total: 0, pass: 0, drop: 0","level":"stat"}
{"@timestamp":"2025-07-09T18:03:54.131+08:00","caller":"stat/metrics.go:210","content":"(forum-api) - qps: 0.0/s, drops: 0, avg time: 0.0ms, med: 0.0ms, 90th: 0.0ms, 99th: 0.0ms, 99.9th: 0.0ms","level":"stat"}
{"@timestamp":"2025-07-09T18:04:39.652+08:00","caller":"stat/usage.go:61","content":"CPU: 0m, MEMORY: Alloc=1.1Mi, TotalAlloc=2.5Mi, Sys=14.4Mi, NumGC=20","level":"stat"}
{"@timestamp":"2025-07-09T18:04:39.658+08:00","caller":"load/sheddingstat.go:61","content":"(api) shedding_stat [1m], cpu: 0, total: 0, pass: 0, drop: 0","level":"stat"}
{"@timestamp":"2025-07-09T18:04:54.132+08:00","caller":"stat/metrics.go:210","content":"(forum-api) - qps: 0.0/s, drops: 0, avg time: 0.0ms, med: 0.0ms, 90th: 0.0ms, 99th: 0.0ms, 99.9th: 0.0ms","level":"stat"}
{"@timestamp":"2025-07-09T18:05:39.653+08:00","caller":"stat/usage.go:61","content":"CPU: 0m, MEMORY: Alloc=1.0Mi, TotalAlloc=2.5Mi, Sys=14.4Mi, NumGC=21","level":"stat"}
{"@timestamp":"2025-07-09T18:05:39.659+08:00","caller":"load/sheddingstat.go:61","content":"(api) shedding_stat [1m], cpu: 0, total: 0, pass: 0, drop: 0","level":"stat"}
{"@timestamp":"2025-07-09T18:05:54.133+08:00","caller":"stat/metrics.go:210","content":"(forum-api) - qps: 0.0/s, drops: 0, avg time: 0.0ms, med: 0.0ms, 90th: 0.0ms, 99th: 0.0ms, 99.9th: 0.0ms","level":"stat"}
{"@timestamp":"2025-07-09T18:06:39.654+08:00","caller":"stat/usage.go:61","content":"CPU: 0m, MEMORY: Alloc=1.1Mi, TotalAlloc=2.5Mi, Sys=14.4Mi, NumGC=21","level":"stat"}
{"@timestamp":"2025-07-09T18:06:39.660+08:00","caller":"load/sheddingstat.go:61","content":"(api) shedding_stat [1m], cpu: 0, total: 0, pass: 0, drop: 0","level":"stat"}
{"@timestamp":"2025-07-09T18:06:54.135+08:00","caller":"stat/metrics.go:210","content":"(forum-api) - qps: 0.0/s, drops: 0, avg time: 0.0ms, med: 0.0ms, 90th: 0.0ms, 99th: 0.0ms, 99.9th: 0.0ms","level":"stat"}
{"@timestamp":"2025-07-09T18:07:39.655+08:00","caller":"stat/usage.go:61","content":"CPU: 0m, MEMORY: Alloc=1.0Mi, TotalAlloc=2.5Mi, Sys=14.4Mi, NumGC=22","level":"stat"}
{"@timestamp":"2025-07-09T18:07:39.661+08:00","caller":"load/sheddingstat.go:61","content":"(api) shedding_stat [1m], cpu: 0, total: 0, pass: 0, drop: 0","level":"stat"}
{"@timestamp":"2025-07-09T18:07:54.136+08:00","caller":"stat/metrics.go:210","content":"(forum-api) - qps: 0.0/s, drops: 0, avg time: 0.0ms, med: 0.0ms, 90th: 0.0ms, 99th: 0.0ms, 99.9th: 0.0ms","level":"stat"}
{"@timestamp":"2025-07-09T18:08:39.656+08:00","caller":"stat/usage.go:61","content":"CPU: 0m, MEMORY: Alloc=1.1Mi, TotalAlloc=2.5Mi, Sys=14.4Mi, NumGC=22","level":"stat"}
{"@timestamp":"2025-07-09T18:08:39.662+08:00","caller":"load/sheddingstat.go:61","content":"(api) shedding_stat [1m], cpu: 0, total: 0, pass: 0, drop: 0","level":"stat"}
{"@timestamp":"2025-07-09T18:08:54.137+08:00","caller":"stat/metrics.go:210","content":"(forum-api) - qps: 0.0/s, drops: 0, avg time: 0.0ms, med: 0.0ms, 90th: 0.0ms, 99th: 0.0ms, 99.9th: 0.0ms","level":"stat"}
{"@timestamp":"2025-07-09T18:09:39.657+08:00","caller":"stat/usage.go:61","content":"CPU: 0m, MEMORY: Alloc=1.0Mi, TotalAlloc=2.5Mi, Sys=14.4Mi, NumGC=23","level":"stat"}
{"@timestamp":"2025-07-09T18:09:39.663+08:00","caller":"load/sheddingstat.go:61","content":"(api) shedding_stat [1m], cpu: 0, total: 0, pass: 0, drop: 0","level":"stat"}
{"@timestamp":"2025-07-09T18:09:54.138+08:00","caller":"stat/metrics.go:210","content":"(forum-api) - qps: 0.0/s, drops: 0, avg time: 0.0ms, med: 0.0ms, 90th: 0.0ms, 99th: 0.0ms, 99.9th: 0.0ms","level":"stat"}
{"@timestamp":"2025-07-09T18:10:39.658+08:00","caller":"stat/usage.go:61","content":"CPU: 0m, MEMORY: Alloc=1.1Mi, TotalAlloc=2.5Mi, Sys=14.4Mi, NumGC=23","level":"stat"}
{"@timestamp":"2025-07-09T18:10:39.664+08:00","caller":"load/sheddingstat.go:61","content":"(api) shedding_stat [1m], cpu: 0, total: 0, pass: 0, drop: 0","level":"stat"}
{"@timestamp":"2025-07-09T18:10:54.139+08:00","caller":"stat/metrics.go:210","content":"(forum-api) - qps: 0.0/s, drops: 0, avg time: 0.0ms, med: 0.0ms, 90th: 0.0ms, 99th: 0.0ms, 99.9th: 0.0ms","level":"stat"}
{"@timestamp":"2025-07-09T18:11:39.660+08:00","caller":"stat/usage.go:61","content":"CPU: 0m, MEMORY: Alloc=1.0Mi, TotalAlloc=2.5Mi, Sys=14.4Mi, NumGC=24","level":"stat"}
{"@timestamp":"2025-07-09T18:11:39.665+08:00","caller":"load/sheddingstat.go:61","content":"(api) shedding_stat [1m], cpu: 0, total: 0, pass: 0, drop: 0","level":"stat"}
{"@timestamp":"2025-07-09T18:11:54.140+08:00","caller":"stat/metrics.go:210","content":"(forum-api) - qps: 0.0/s, drops: 0, avg time: 0.0ms, med: 0.0ms, 90th: 0.0ms, 99th: 0.0ms, 99.9th: 0.0ms","level":"stat"}
{"@timestamp":"2025-07-09T18:12:39.661+08:00","caller":"stat/usage.go:61","content":"CPU: 0m, MEMORY: Alloc=1.1Mi, TotalAlloc=2.5Mi, Sys=14.4Mi, NumGC=24","level":"stat"}
{"@timestamp":"2025-07-09T18:12:39.666+08:00","caller":"load/sheddingstat.go:61","content":"(api) shedding_stat [1m], cpu: 0, total: 0, pass: 0, drop: 0","level":"stat"}
{"@timestamp":"2025-07-09T18:12:54.141+08:00","caller":"stat/metrics.go:210","content":"(forum-api) - qps: 0.0/s, drops: 0, avg time: 0.0ms, med: 0.0ms, 90th: 0.0ms, 99th: 0.0ms, 99.9th: 0.0ms","level":"stat"}
{"@timestamp":"2025-07-09T18:13:39.662+08:00","caller":"stat/usage.go:61","content":"CPU: 0m, MEMORY: Alloc=1.0Mi, TotalAlloc=2.5Mi, Sys=14.4Mi, NumGC=25","level":"stat"}
{"@timestamp":"2025-07-09T18:13:39.667+08:00","caller":"load/sheddingstat.go:61","content":"(api) shedding_stat [1m], cpu: 0, total: 0, pass: 0, drop: 0","level":"stat"}
{"@timestamp":"2025-07-09T18:13:54.142+08:00","caller":"stat/metrics.go:210","content":"(forum-api) - qps: 0.0/s, drops: 0, avg time: 0.0ms, med: 0.0ms, 90th: 0.0ms, 99th: 0.0ms, 99.9th: 0.0ms","level":"stat"}
{"@timestamp":"2025-07-09T18:14:39.552+08:00","caller":"stat/usage.go:61","content":"CPU: 0m, MEMORY: Alloc=1.1Mi, TotalAlloc=2.5Mi, Sys=14.4Mi, NumGC=25","level":"stat"}
{"@timestamp":"2025-07-09T18:14:39.558+08:00","caller":"load/sheddingstat.go:61","content":"(api) shedding_stat [1m], cpu: 0, total: 0, pass: 0, drop: 0","level":"stat"}
{"@timestamp":"2025-07-09T18:14:54.033+08:00","caller":"stat/metrics.go:210","content":"(forum-api) - qps: 0.0/s, drops: 0, avg time: 0.0ms, med: 0.0ms, 90th: 0.0ms, 99th: 0.0ms, 99.9th: 0.0ms","level":"stat"}
{"@timestamp":"2025-07-09T18:15:39.553+08:00","caller":"stat/usage.go:61","content":"CPU: 0m, MEMORY: Alloc=1.0Mi, TotalAlloc=2.5Mi, Sys=14.4Mi, NumGC=26","level":"stat"}
{"@timestamp":"2025-07-09T18:15:39.558+08:00","caller":"load/sheddingstat.go:61","content":"(api) shedding_stat [1m], cpu: 0, total: 0, pass: 0, drop: 0","level":"stat"}
{"@timestamp":"2025-07-09T18:15:54.033+08:00","caller":"stat/metrics.go:210","content":"(forum-api) - qps: 0.0/s, drops: 0, avg time: 0.0ms, med: 0.0ms, 90th: 0.0ms, 99th: 0.0ms, 99.9th: 0.0ms","level":"stat"}
{"@timestamp":"2025-07-09T18:16:39.553+08:00","caller":"stat/usage.go:61","content":"CPU: 0m, MEMORY: Alloc=1.1Mi, TotalAlloc=2.5Mi, Sys=14.4Mi, NumGC=26","level":"stat"}
{"@timestamp":"2025-07-09T18:16:39.559+08:00","caller":"load/sheddingstat.go:61","content":"(api) shedding_stat [1m], cpu: 0, total: 0, pass: 0, drop: 0","level":"stat"}
{"@timestamp":"2025-07-09T18:16:54.033+08:00","caller":"stat/metrics.go:210","content":"(forum-api) - qps: 0.0/s, drops: 0, avg time: 0.0ms, med: 0.0ms, 90th: 0.0ms, 99th: 0.0ms, 99.9th: 0.0ms","level":"stat"}
{"@timestamp":"2025-07-09T18:17:39.553+08:00","caller":"stat/usage.go:61","content":"CPU: 0m, MEMORY: Alloc=1.0Mi, TotalAlloc=2.5Mi, Sys=14.4Mi, NumGC=27","level":"stat"}
{"@timestamp":"2025-07-09T18:17:39.558+08:00","caller":"load/sheddingstat.go:61","content":"(api) shedding_stat [1m], cpu: 0, total: 0, pass: 0, drop: 0","level":"stat"}
{"@timestamp":"2025-07-09T18:17:54.033+08:00","caller":"stat/metrics.go:210","content":"(forum-api) - qps: 0.0/s, drops: 0, avg time: 0.0ms, med: 0.0ms, 90th: 0.0ms, 99th: 0.0ms, 99.9th: 0.0ms","level":"stat"}
{"@timestamp":"2025-07-09T18:18:39.554+08:00","caller":"stat/usage.go:61","content":"CPU: 0m, MEMORY: Alloc=1.1Mi, TotalAlloc=2.5Mi, Sys=14.4Mi, NumGC=27","level":"stat"}
{"@timestamp":"2025-07-09T18:18:39.559+08:00","caller":"load/sheddingstat.go:61","content":"(api) shedding_stat [1m], cpu: 0, total: 0, pass: 0, drop: 0","level":"stat"}
{"@timestamp":"2025-07-09T18:18:54.034+08:00","caller":"stat/metrics.go:210","content":"(forum-api) - qps: 0.0/s, drops: 0, avg time: 0.0ms, med: 0.0ms, 90th: 0.0ms, 99th: 0.0ms, 99.9th: 0.0ms","level":"stat"}
{"@timestamp":"2025-07-09T18:19:39.554+08:00","caller":"stat/usage.go:61","content":"CPU: 0m, MEMORY: Alloc=1.0Mi, TotalAlloc=2.6Mi, Sys=14.4Mi, NumGC=28","level":"stat"}
{"@timestamp":"2025-07-09T18:19:39.559+08:00","caller":"load/sheddingstat.go:61","content":"(api) shedding_stat [1m], cpu: 0, total: 0, pass: 0, drop: 0","level":"stat"}
{"@timestamp":"2025-07-09T18:19:54.034+08:00","caller":"stat/metrics.go:210","content":"(forum-api) - qps: 0.0/s, drops: 0, avg time: 0.0ms, med: 0.0ms, 90th: 0.0ms, 99th: 0.0ms, 99.9th: 0.0ms","level":"stat"}
{"@timestamp":"2025-07-09T18:20:39.554+08:00","caller":"stat/usage.go:61","content":"CPU: 0m, MEMORY: Alloc=1.1Mi, TotalAlloc=2.6Mi, Sys=14.4Mi, NumGC=28","level":"stat"}
{"@timestamp":"2025-07-09T18:20:39.560+08:00","caller":"load/sheddingstat.go:61","content":"(api) shedding_stat [1m], cpu: 0, total: 0, pass: 0, drop: 0","level":"stat"}
{"@timestamp":"2025-07-09T18:20:54.034+08:00","caller":"stat/metrics.go:210","content":"(forum-api) - qps: 0.0/s, drops: 0, avg time: 0.0ms, med: 0.0ms, 90th: 0.0ms, 99th: 0.0ms, 99.9th: 0.0ms","level":"stat"}
{"@timestamp":"2025-07-09T18:21:39.554+08:00","caller":"stat/usage.go:61","content":"CPU: 0m, MEMORY: Alloc=1.0Mi, TotalAlloc=2.6Mi, Sys=14.4Mi, NumGC=29","level":"stat"}
{"@timestamp":"2025-07-09T18:21:39.560+08:00","caller":"load/sheddingstat.go:61","content":"(api) shedding_stat [1m], cpu: 0, total: 0, pass: 0, drop: 0","level":"stat"}
{"@timestamp":"2025-07-09T18:21:54.035+08:00","caller":"stat/metrics.go:210","content":"(forum-api) - qps: 0.0/s, drops: 0, avg time: 0.0ms, med: 0.0ms, 90th: 0.0ms, 99th: 0.0ms, 99.9th: 0.0ms","level":"stat"}
{"@timestamp":"2025-07-09T18:22:39.555+08:00","caller":"stat/usage.go:61","content":"CPU: 0m, MEMORY: Alloc=1.1Mi, TotalAlloc=2.6Mi, Sys=14.4Mi, NumGC=29","level":"stat"}
{"@timestamp":"2025-07-09T18:22:39.560+08:00","caller":"load/sheddingstat.go:61","content":"(api) shedding_stat [1m], cpu: 0, total: 0, pass: 0, drop: 0","level":"stat"}
{"@timestamp":"2025-07-09T18:22:54.035+08:00","caller":"stat/metrics.go:210","content":"(forum-api) - qps: 0.0/s, drops: 0, avg time: 0.0ms, med: 0.0ms, 90th: 0.0ms, 99th: 0.0ms, 99.9th: 0.0ms","level":"stat"}
{"@timestamp":"2025-07-09T18:23:39.555+08:00","caller":"stat/usage.go:61","content":"CPU: 0m, MEMORY: Alloc=1.0Mi, TotalAlloc=2.6Mi, Sys=14.4Mi, NumGC=30","level":"stat"}
{"@timestamp":"2025-07-09T18:23:39.560+08:00","caller":"load/sheddingstat.go:61","content":"(api) shedding_stat [1m], cpu: 0, total: 0, pass: 0, drop: 0","level":"stat"}
{"@timestamp":"2025-07-09T18:23:54.035+08:00","caller":"stat/metrics.go:210","content":"(forum-api) - qps: 0.0/s, drops: 0, avg time: 0.0ms, med: 0.0ms, 90th: 0.0ms, 99th: 0.0ms, 99.9th: 0.0ms","level":"stat"}
{"@timestamp":"2025-07-09T18:24:39.555+08:00","caller":"stat/usage.go:61","content":"CPU: 0m, MEMORY: Alloc=1.1Mi, TotalAlloc=2.6Mi, Sys=14.4Mi, NumGC=30","level":"stat"}
{"@timestamp":"2025-07-09T18:24:39.561+08:00","caller":"load/sheddingstat.go:61","content":"(api) shedding_stat [1m], cpu: 0, total: 0, pass: 0, drop: 0","level":"stat"}
{"@timestamp":"2025-07-09T18:24:54.036+08:00","caller":"stat/metrics.go:210","content":"(forum-api) - qps: 0.0/s, drops: 0, avg time: 0.0ms, med: 0.0ms, 90th: 0.0ms, 99th: 0.0ms, 99.9th: 0.0ms","level":"stat"}
{"@timestamp":"2025-07-09T18:25:40.353+08:00","caller":"stat/usage.go:61","content":"CPU: 0m, MEMORY: Alloc=1.0Mi, TotalAlloc=2.6Mi, Sys=14.4Mi, NumGC=31","level":"stat"}
{"@timestamp":"2025-07-09T18:25:40.358+08:00","caller":"load/sheddingstat.go:61","content":"(api) shedding_stat [1m], cpu: 0, total: 0, pass: 0, drop: 0","level":"stat"}
{"@timestamp":"2025-07-09T18:25:54.835+08:00","caller":"stat/metrics.go:210","content":"(forum-api) - qps: 0.0/s, drops: 0, avg time: 0.0ms, med: 0.0ms, 90th: 0.0ms, 99th: 0.0ms, 99.9th: 0.0ms","level":"stat"}
{"@timestamp":"2025-07-09T18:26:40.355+08:00","caller":"stat/usage.go:61","content":"CPU: 0m, MEMORY: Alloc=1.9Mi, TotalAlloc=3.4Mi, Sys=14.6Mi, NumGC=31","level":"stat"}
{"@timestamp":"2025-07-09T18:26:40.357+08:00","caller":"cache/cachestat.go:71","content":"dbcache(sqlc) - qpm: 11, hit_ratio: 81.8%, hit: 9, miss: 2, db_fails: 0","level":"stat"}
{"@timestamp":"2025-07-09T18:26:40.361+08:00","caller":"load/sheddingstat.go:61","content":"(api) shedding_stat [1m], cpu: 0, total: 25, pass: 25, drop: 0","level":"stat"}
{"@timestamp":"2025-07-09T18:26:54.835+08:00","caller":"stat/metrics.go:210","content":"(forum-api) - qps: 0.5/s, drops: 0, avg time: 2.8ms, med: 2.2ms, 90th: 6.0ms, 99th: 25.1ms, 99.9th: 25.1ms","level":"stat"}
{"@timestamp":"2025-07-09T18:27:40.357+08:00","caller":"stat/usage.go:61","content":"CPU: 0m, MEMORY: Alloc=1.2Mi, TotalAlloc=3.5Mi, Sys=14.6Mi, NumGC=32","level":"stat"}
{"@timestamp":"2025-07-09T18:27:40.358+08:00","caller":"cache/cachestat.go:71","content":"dbcache(sqlc) - qpm: 2, hit_ratio: 100.0%, hit: 2, miss: 0, db_fails: 0","level":"stat"}
{"@timestamp":"2025-07-09T18:27:40.362+08:00","caller":"load/sheddingstat.go:61","content":"(api) shedding_stat [1m], cpu: 0, total: 3, pass: 3, drop: 0","level":"stat"}
{"@timestamp":"2025-07-09T18:27:54.837+08:00","caller":"stat/metrics.go:210","content":"(forum-api) - qps: 0.0/s, drops: 0, avg time: 0.0ms, med: 0.0ms, 90th: 0.0ms, 99th: 0.0ms, 99.9th: 0.0ms","level":"stat"}
{"@timestamp":"2025-07-09T18:28:40.357+08:00","caller":"stat/usage.go:61","content":"CPU: 0m, MEMORY: Alloc=1.2Mi, TotalAlloc=3.5Mi, Sys=14.6Mi, NumGC=32","level":"stat"}
{"@timestamp":"2025-07-09T18:28:40.362+08:00","caller":"load/sheddingstat.go:61","content":"(api) shedding_stat [1m], cpu: 0, total: 0, pass: 0, drop: 0","level":"stat"}
{"@timestamp":"2025-07-09T18:28:54.837+08:00","caller":"stat/metrics.go:210","content":"(forum-api) - qps: 0.0/s, drops: 0, avg time: 0.0ms, med: 0.0ms, 90th: 0.0ms, 99th: 0.0ms, 99.9th: 0.0ms","level":"stat"}
{"@timestamp":"2025-07-09T18:29:40.357+08:00","caller":"stat/usage.go:61","content":"CPU: 0m, MEMORY: Alloc=1.1Mi, TotalAlloc=3.5Mi, Sys=14.6Mi, NumGC=33","level":"stat"}
{"@timestamp":"2025-07-09T18:29:40.363+08:00","caller":"load/sheddingstat.go:61","content":"(api) shedding_stat [1m], cpu: 0, total: 0, pass: 0, drop: 0","level":"stat"}
{"@timestamp":"2025-07-09T18:29:54.838+08:00","caller":"stat/metrics.go:210","content":"(forum-api) - qps: 0.0/s, drops: 0, avg time: 0.0ms, med: 0.0ms, 90th: 0.0ms, 99th: 0.0ms, 99.9th: 0.0ms","level":"stat"}
{"@timestamp":"2025-07-09T18:30:40.364+08:00","caller":"stat/usage.go:61","content":"CPU: 0m, MEMORY: Alloc=1.1Mi, TotalAlloc=3.5Mi, Sys=14.6Mi, NumGC=33","level":"stat"}
{"@timestamp":"2025-07-09T18:30:40.370+08:00","caller":"load/sheddingstat.go:61","content":"(api) shedding_stat [1m], cpu: 0, total: 0, pass: 0, drop: 0","level":"stat"}
{"@timestamp":"2025-07-09T18:30:54.846+08:00","caller":"stat/metrics.go:210","content":"(forum-api) - qps: 0.0/s, drops: 0, avg time: 0.0ms, med: 0.0ms, 90th: 0.0ms, 99th: 0.0ms, 99.9th: 0.0ms","level":"stat"}
{"@timestamp":"2025-07-09T18:31:40.368+08:00","caller":"stat/usage.go:61","content":"CPU: 0m, MEMORY: Alloc=1.1Mi, TotalAlloc=3.5Mi, Sys=14.6Mi, NumGC=34","level":"stat"}
{"@timestamp":"2025-07-09T18:31:40.373+08:00","caller":"load/sheddingstat.go:61","content":"(api) shedding_stat [1m], cpu: 0, total: 0, pass: 0, drop: 0","level":"stat"}
{"@timestamp":"2025-07-09T18:31:54.848+08:00","caller":"stat/metrics.go:210","content":"(forum-api) - qps: 0.0/s, drops: 0, avg time: 0.0ms, med: 0.0ms, 90th: 0.0ms, 99th: 0.0ms, 99.9th: 0.0ms","level":"stat"}
{"@timestamp":"2025-07-09T18:32:40.369+08:00","caller":"stat/usage.go:61","content":"CPU: 0m, MEMORY: Alloc=1.5Mi, TotalAlloc=3.9Mi, Sys=14.6Mi, NumGC=34","level":"stat"}
{"@timestamp":"2025-07-09T18:32:40.369+08:00","caller":"cache/cachestat.go:71","content":"dbcache(sqlc) - qpm: 5, hit_ratio: 80.0%, hit: 4, miss: 1, db_fails: 0","level":"stat"}
{"@timestamp":"2025-07-09T18:32:40.374+08:00","caller":"load/sheddingstat.go:61","content":"(api) shedding_stat [1m], cpu: 0, total: 10, pass: 10, drop: 0","level":"stat"}
{"@timestamp":"2025-07-09T18:32:54.848+08:00","caller":"stat/metrics.go:210","content":"(forum-api) - qps: 0.2/s, drops: 0, avg time: 3.6ms, med: 3.0ms, 90th: 15.8ms, 99th: 15.8ms, 99.9th: 15.8ms","level":"stat"}
{"@timestamp":"2025-07-09T18:33:40.369+08:00","caller":"stat/usage.go:61","content":"CPU: 0m, MEMORY: Alloc=1.1Mi, TotalAlloc=3.9Mi, Sys=14.6Mi, NumGC=35","level":"stat"}
{"@timestamp":"2025-07-09T18:33:40.374+08:00","caller":"load/sheddingstat.go:61","content":"(api) shedding_stat [1m], cpu: 0, total: 0, pass: 0, drop: 0","level":"stat"}
{"@timestamp":"2025-07-09T18:33:54.849+08:00","caller":"stat/metrics.go:210","content":"(forum-api) - qps: 0.0/s, drops: 0, avg time: 0.0ms, med: 0.0ms, 90th: 0.0ms, 99th: 0.0ms, 99.9th: 0.0ms","level":"stat"}
{"@timestamp":"2025-07-09T18:34:40.370+08:00","caller":"stat/usage.go:61","content":"CPU: 0m, MEMORY: Alloc=1.1Mi, TotalAlloc=3.9Mi, Sys=14.6Mi, NumGC=35","level":"stat"}
{"@timestamp":"2025-07-09T18:34:40.375+08:00","caller":"load/sheddingstat.go:61","content":"(api) shedding_stat [1m], cpu: 0, total: 0, pass: 0, drop: 0","level":"stat"}
{"@timestamp":"2025-07-09T18:34:54.850+08:00","caller":"stat/metrics.go:210","content":"(forum-api) - qps: 0.0/s, drops: 0, avg time: 0.0ms, med: 0.0ms, 90th: 0.0ms, 99th: 0.0ms, 99.9th: 0.0ms","level":"stat"}
{"@timestamp":"2025-07-09T18:35:40.370+08:00","caller":"stat/usage.go:61","content":"CPU: 0m, MEMORY: Alloc=1.1Mi, TotalAlloc=3.9Mi, Sys=14.6Mi, NumGC=36","level":"stat"}
{"@timestamp":"2025-07-09T18:35:40.375+08:00","caller":"load/sheddingstat.go:61","content":"(api) shedding_stat [1m], cpu: 0, total: 0, pass: 0, drop: 0","level":"stat"}
{"@timestamp":"2025-07-09T18:35:54.851+08:00","caller":"stat/metrics.go:210","content":"(forum-api) - qps: 0.0/s, drops: 0, avg time: 0.0ms, med: 0.0ms, 90th: 0.0ms, 99th: 0.0ms, 99.9th: 0.0ms","level":"stat"}
{"@timestamp":"2025-07-09T18:36:40.371+08:00","caller":"stat/usage.go:61","content":"CPU: 0m, MEMORY: Alloc=1.1Mi, TotalAlloc=3.9Mi, Sys=14.6Mi, NumGC=36","level":"stat"}
{"@timestamp":"2025-07-09T18:36:40.376+08:00","caller":"load/sheddingstat.go:61","content":"(api) shedding_stat [1m], cpu: 0, total: 0, pass: 0, drop: 0","level":"stat"}
{"@timestamp":"2025-07-09T18:36:54.851+08:00","caller":"stat/metrics.go:210","content":"(forum-api) - qps: 0.0/s, drops: 0, avg time: 0.0ms, med: 0.0ms, 90th: 0.0ms, 99th: 0.0ms, 99.9th: 0.0ms","level":"stat"}
{"@timestamp":"2025-07-09T18:37:40.371+08:00","caller":"stat/usage.go:61","content":"CPU: 0m, MEMORY: Alloc=1.1Mi, TotalAlloc=4.0Mi, Sys=14.6Mi, NumGC=37","level":"stat"}
{"@timestamp":"2025-07-09T18:37:40.377+08:00","caller":"load/sheddingstat.go:61","content":"(api) shedding_stat [1m], cpu: 0, total: 0, pass: 0, drop: 0","level":"stat"}
{"@timestamp":"2025-07-09T18:37:54.851+08:00","caller":"stat/metrics.go:210","content":"(forum-api) - qps: 0.0/s, drops: 0, avg time: 0.0ms, med: 0.0ms, 90th: 0.0ms, 99th: 0.0ms, 99.9th: 0.0ms","level":"stat"}
{"@timestamp":"2025-07-09T18:38:40.372+08:00","caller":"stat/usage.go:61","content":"CPU: 0m, MEMORY: Alloc=1.1Mi, TotalAlloc=4.0Mi, Sys=14.6Mi, NumGC=37","level":"stat"}
{"@timestamp":"2025-07-09T18:38:40.377+08:00","caller":"load/sheddingstat.go:61","content":"(api) shedding_stat [1m], cpu: 0, total: 0, pass: 0, drop: 0","level":"stat"}
{"@timestamp":"2025-07-09T18:38:54.851+08:00","caller":"stat/metrics.go:210","content":"(forum-api) - qps: 0.0/s, drops: 0, avg time: 0.0ms, med: 0.0ms, 90th: 0.0ms, 99th: 0.0ms, 99.9th: 0.0ms","level":"stat"}
{"@timestamp":"2025-07-09T18:39:40.373+08:00","caller":"stat/usage.go:61","content":"CPU: 0m, MEMORY: Alloc=1.1Mi, TotalAlloc=4.0Mi, Sys=14.6Mi, NumGC=38","level":"stat"}
{"@timestamp":"2025-07-09T18:39:40.378+08:00","caller":"load/sheddingstat.go:61","content":"(api) shedding_stat [1m], cpu: 0, total: 0, pass: 0, drop: 0","level":"stat"}
{"@timestamp":"2025-07-09T18:39:54.853+08:00","caller":"stat/metrics.go:210","content":"(forum-api) - qps: 0.0/s, drops: 0, avg time: 0.0ms, med: 0.0ms, 90th: 0.0ms, 99th: 0.0ms, 99.9th: 0.0ms","level":"stat"}
{"@timestamp":"2025-07-09T18:40:40.373+08:00","caller":"stat/usage.go:61","content":"CPU: 0m, MEMORY: Alloc=1.1Mi, TotalAlloc=4.0Mi, Sys=14.6Mi, NumGC=38","level":"stat"}
{"@timestamp":"2025-07-09T18:40:40.378+08:00","caller":"load/sheddingstat.go:61","content":"(api) shedding_stat [1m], cpu: 0, total: 0, pass: 0, drop: 0","level":"stat"}
{"@timestamp":"2025-07-09T18:40:54.853+08:00","caller":"stat/metrics.go:210","content":"(forum-api) - qps: 0.0/s, drops: 0, avg time: 0.0ms, med: 0.0ms, 90th: 0.0ms, 99th: 0.0ms, 99.9th: 0.0ms","level":"stat"}
{"@timestamp":"2025-07-09T18:41:40.373+08:00","caller":"stat/usage.go:61","content":"CPU: 0m, MEMORY: Alloc=1.1Mi, TotalAlloc=4.0Mi, Sys=14.6Mi, NumGC=39","level":"stat"}
{"@timestamp":"2025-07-09T18:41:40.379+08:00","caller":"load/sheddingstat.go:61","content":"(api) shedding_stat [1m], cpu: 0, total: 0, pass: 0, drop: 0","level":"stat"}
{"@timestamp":"2025-07-09T18:41:54.853+08:00","caller":"stat/metrics.go:210","content":"(forum-api) - qps: 0.0/s, drops: 0, avg time: 0.0ms, med: 0.0ms, 90th: 0.0ms, 99th: 0.0ms, 99.9th: 0.0ms","level":"stat"}
{"@timestamp":"2025-07-09T18:42:40.374+08:00","caller":"stat/usage.go:61","content":"CPU: 0m, MEMORY: Alloc=1.1Mi, TotalAlloc=4.0Mi, Sys=14.6Mi, NumGC=39","level":"stat"}
{"@timestamp":"2025-07-09T18:42:40.379+08:00","caller":"load/sheddingstat.go:61","content":"(api) shedding_stat [1m], cpu: 0, total: 0, pass: 0, drop: 0","level":"stat"}
{"@timestamp":"2025-07-09T18:42:54.854+08:00","caller":"stat/metrics.go:210","content":"(forum-api) - qps: 0.0/s, drops: 0, avg time: 0.0ms, med: 0.0ms, 90th: 0.0ms, 99th: 0.0ms, 99.9th: 0.0ms","level":"stat"}
{"@timestamp":"2025-07-09T18:43:40.375+08:00","caller":"stat/usage.go:61","content":"CPU: 0m, MEMORY: Alloc=1.1Mi, TotalAlloc=4.0Mi, Sys=14.6Mi, NumGC=40","level":"stat"}
{"@timestamp":"2025-07-09T18:43:40.380+08:00","caller":"load/sheddingstat.go:61","content":"(api) shedding_stat [1m], cpu: 0, total: 0, pass: 0, drop: 0","level":"stat"}
{"@timestamp":"2025-07-09T18:43:54.855+08:00","caller":"stat/metrics.go:210","content":"(forum-api) - qps: 0.0/s, drops: 0, avg time: 0.0ms, med: 0.0ms, 90th: 0.0ms, 99th: 0.0ms, 99.9th: 0.0ms","level":"stat"}
{"@timestamp":"2025-07-09T18:44:40.375+08:00","caller":"stat/usage.go:61","content":"CPU: 0m, MEMORY: Alloc=1.1Mi, TotalAlloc=4.0Mi, Sys=14.6Mi, NumGC=40","level":"stat"}
{"@timestamp":"2025-07-09T18:44:40.380+08:00","caller":"load/sheddingstat.go:61","content":"(api) shedding_stat [1m], cpu: 0, total: 0, pass: 0, drop: 0","level":"stat"}
{"@timestamp":"2025-07-09T18:44:54.855+08:00","caller":"stat/metrics.go:210","content":"(forum-api) - qps: 0.0/s, drops: 0, avg time: 0.0ms, med: 0.0ms, 90th: 0.0ms, 99th: 0.0ms, 99.9th: 0.0ms","level":"stat"}
{"@timestamp":"2025-07-09T18:45:40.376+08:00","caller":"stat/usage.go:61","content":"CPU: 0m, MEMORY: Alloc=1.1Mi, TotalAlloc=4.0Mi, Sys=14.6Mi, NumGC=41","level":"stat"}
{"@timestamp":"2025-07-09T18:45:40.381+08:00","caller":"load/sheddingstat.go:61","content":"(api) shedding_stat [1m], cpu: 0, total: 0, pass: 0, drop: 0","level":"stat"}
{"@timestamp":"2025-07-09T18:45:54.856+08:00","caller":"stat/metrics.go:210","content":"(forum-api) - qps: 0.0/s, drops: 0, avg time: 0.0ms, med: 0.0ms, 90th: 0.0ms, 99th: 0.0ms, 99.9th: 0.0ms","level":"stat"}
{"@timestamp":"2025-07-09T18:46:40.337+08:00","caller":"stat/usage.go:61","content":"CPU: 0m, MEMORY: Alloc=1.1Mi, TotalAlloc=4.0Mi, Sys=14.6Mi, NumGC=41","level":"stat"}
{"@timestamp":"2025-07-09T18:46:40.343+08:00","caller":"load/sheddingstat.go:61","content":"(api) shedding_stat [1m], cpu: 0, total: 0, pass: 0, drop: 0","level":"stat"}
{"@timestamp":"2025-07-09T18:46:54.815+08:00","caller":"stat/metrics.go:210","content":"(forum-api) - qps: 0.0/s, drops: 0, avg time: 0.0ms, med: 0.0ms, 90th: 0.0ms, 99th: 0.0ms, 99.9th: 0.0ms","level":"stat"}
{"@timestamp":"2025-07-09T18:47:40.334+08:00","caller":"stat/usage.go:61","content":"CPU: 0m, MEMORY: Alloc=1.1Mi, TotalAlloc=4.0Mi, Sys=14.6Mi, NumGC=42","level":"stat"}
{"@timestamp":"2025-07-09T18:47:40.340+08:00","caller":"load/sheddingstat.go:61","content":"(api) shedding_stat [1m], cpu: 0, total: 0, pass: 0, drop: 0","level":"stat"}
{"@timestamp":"2025-07-09T18:47:54.814+08:00","caller":"stat/metrics.go:210","content":"(forum-api) - qps: 0.0/s, drops: 0, avg time: 0.0ms, med: 0.0ms, 90th: 0.0ms, 99th: 0.0ms, 99.9th: 0.0ms","level":"stat"}
{"@timestamp":"2025-07-09T18:48:40.335+08:00","caller":"stat/usage.go:61","content":"CPU: 0m, MEMORY: Alloc=1.1Mi, TotalAlloc=4.0Mi, Sys=14.6Mi, NumGC=42","level":"stat"}
{"@timestamp":"2025-07-09T18:48:40.340+08:00","caller":"load/sheddingstat.go:61","content":"(api) shedding_stat [1m], cpu: 0, total: 0, pass: 0, drop: 0","level":"stat"}
{"@timestamp":"2025-07-09T18:48:54.814+08:00","caller":"stat/metrics.go:210","content":"(forum-api) - qps: 0.0/s, drops: 0, avg time: 0.0ms, med: 0.0ms, 90th: 0.0ms, 99th: 0.0ms, 99.9th: 0.0ms","level":"stat"}
{"@timestamp":"2025-07-09T18:49:40.335+08:00","caller":"stat/usage.go:61","content":"CPU: 0m, MEMORY: Alloc=1.1Mi, TotalAlloc=4.0Mi, Sys=14.6Mi, NumGC=43","level":"stat"}
{"@timestamp":"2025-07-09T18:49:40.340+08:00","caller":"load/sheddingstat.go:61","content":"(api) shedding_stat [1m], cpu: 0, total: 0, pass: 0, drop: 0","level":"stat"}
{"@timestamp":"2025-07-09T18:49:54.815+08:00","caller":"stat/metrics.go:210","content":"(forum-api) - qps: 0.0/s, drops: 0, avg time: 0.0ms, med: 0.0ms, 90th: 0.0ms, 99th: 0.0ms, 99.9th: 0.0ms","level":"stat"}
{"@timestamp":"2025-07-09T18:50:40.335+08:00","caller":"stat/usage.go:61","content":"CPU: 0m, MEMORY: Alloc=1.1Mi, TotalAlloc=4.0Mi, Sys=14.6Mi, NumGC=43","level":"stat"}
{"@timestamp":"2025-07-09T18:50:40.340+08:00","caller":"load/sheddingstat.go:61","content":"(api) shedding_stat [1m], cpu: 0, total: 0, pass: 0, drop: 0","level":"stat"}
{"@timestamp":"2025-07-09T18:50:54.815+08:00","caller":"stat/metrics.go:210","content":"(forum-api) - qps: 0.0/s, drops: 0, avg time: 0.0ms, med: 0.0ms, 90th: 0.0ms, 99th: 0.0ms, 99.9th: 0.0ms","level":"stat"}
{"@timestamp":"2025-07-09T18:51:40.335+08:00","caller":"stat/usage.go:61","content":"CPU: 0m, MEMORY: Alloc=1.1Mi, TotalAlloc=4.0Mi, Sys=14.6Mi, NumGC=44","level":"stat"}
{"@timestamp":"2025-07-09T18:51:40.340+08:00","caller":"load/sheddingstat.go:61","content":"(api) shedding_stat [1m], cpu: 0, total: 0, pass: 0, drop: 0","level":"stat"}
{"@timestamp":"2025-07-09T18:51:54.815+08:00","caller":"stat/metrics.go:210","content":"(forum-api) - qps: 0.0/s, drops: 0, avg time: 0.0ms, med: 0.0ms, 90th: 0.0ms, 99th: 0.0ms, 99.9th: 0.0ms","level":"stat"}
{"@timestamp":"2025-07-09T18:52:40.336+08:00","caller":"stat/usage.go:61","content":"CPU: 0m, MEMORY: Alloc=1.1Mi, TotalAlloc=4.0Mi, Sys=14.6Mi, NumGC=44","level":"stat"}
{"@timestamp":"2025-07-09T18:52:40.341+08:00","caller":"load/sheddingstat.go:61","content":"(api) shedding_stat [1m], cpu: 0, total: 0, pass: 0, drop: 0","level":"stat"}
{"@timestamp":"2025-07-09T18:52:54.815+08:00","caller":"stat/metrics.go:210","content":"(forum-api) - qps: 0.0/s, drops: 0, avg time: 0.0ms, med: 0.0ms, 90th: 0.0ms, 99th: 0.0ms, 99.9th: 0.0ms","level":"stat"}
{"@timestamp":"2025-07-09T18:53:40.336+08:00","caller":"stat/usage.go:61","content":"CPU: 0m, MEMORY: Alloc=1.1Mi, TotalAlloc=4.0Mi, Sys=14.6Mi, NumGC=45","level":"stat"}
{"@timestamp":"2025-07-09T18:53:40.341+08:00","caller":"load/sheddingstat.go:61","content":"(api) shedding_stat [1m], cpu: 0, total: 0, pass: 0, drop: 0","level":"stat"}
{"@timestamp":"2025-07-09T18:53:54.815+08:00","caller":"stat/metrics.go:210","content":"(forum-api) - qps: 0.0/s, drops: 0, avg time: 0.0ms, med: 0.0ms, 90th: 0.0ms, 99th: 0.0ms, 99.9th: 0.0ms","level":"stat"}
{"@timestamp":"2025-07-09T18:54:40.336+08:00","caller":"stat/usage.go:61","content":"CPU: 0m, MEMORY: Alloc=1.1Mi, TotalAlloc=4.1Mi, Sys=14.6Mi, NumGC=45","level":"stat"}
{"@timestamp":"2025-07-09T18:54:40.341+08:00","caller":"load/sheddingstat.go:61","content":"(api) shedding_stat [1m], cpu: 0, total: 0, pass: 0, drop: 0","level":"stat"}
{"@timestamp":"2025-07-09T18:54:54.815+08:00","caller":"stat/metrics.go:210","content":"(forum-api) - qps: 0.0/s, drops: 0, avg time: 0.0ms, med: 0.0ms, 90th: 0.0ms, 99th: 0.0ms, 99.9th: 0.0ms","level":"stat"}
{"@timestamp":"2025-07-09T18:55:40.336+08:00","caller":"stat/usage.go:61","content":"CPU: 0m, MEMORY: Alloc=1.1Mi, TotalAlloc=4.1Mi, Sys=14.6Mi, NumGC=46","level":"stat"}
{"@timestamp":"2025-07-09T18:55:40.341+08:00","caller":"load/sheddingstat.go:61","content":"(api) shedding_stat [1m], cpu: 0, total: 0, pass: 0, drop: 0","level":"stat"}
{"@timestamp":"2025-07-09T18:55:54.816+08:00","caller":"stat/metrics.go:210","content":"(forum-api) - qps: 0.0/s, drops: 0, avg time: 0.0ms, med: 0.0ms, 90th: 0.0ms, 99th: 0.0ms, 99.9th: 0.0ms","level":"stat"}
{"@timestamp":"2025-07-09T18:56:40.336+08:00","caller":"stat/usage.go:61","content":"CPU: 0m, MEMORY: Alloc=1.1Mi, TotalAlloc=4.1Mi, Sys=14.6Mi, NumGC=46","level":"stat"}
{"@timestamp":"2025-07-09T18:56:40.342+08:00","caller":"load/sheddingstat.go:61","content":"(api) shedding_stat [1m], cpu: 0, total: 0, pass: 0, drop: 0","level":"stat"}
{"@timestamp":"2025-07-09T18:56:54.816+08:00","caller":"stat/metrics.go:210","content":"(forum-api) - qps: 0.0/s, drops: 0, avg time: 0.0ms, med: 0.0ms, 90th: 0.0ms, 99th: 0.0ms, 99.9th: 0.0ms","level":"stat"}
{"@timestamp":"2025-07-09T18:57:40.336+08:00","caller":"stat/usage.go:61","content":"CPU: 0m, MEMORY: Alloc=1.1Mi, TotalAlloc=4.1Mi, Sys=14.6Mi, NumGC=47","level":"stat"}
{"@timestamp":"2025-07-09T18:57:40.342+08:00","caller":"load/sheddingstat.go:61","content":"(api) shedding_stat [1m], cpu: 0, total: 0, pass: 0, drop: 0","level":"stat"}
{"@timestamp":"2025-07-09T18:57:54.816+08:00","caller":"stat/metrics.go:210","content":"(forum-api) - qps: 0.0/s, drops: 0, avg time: 0.0ms, med: 0.0ms, 90th: 0.0ms, 99th: 0.0ms, 99.9th: 0.0ms","level":"stat"}
{"@timestamp":"2025-07-09T18:58:40.337+08:00","caller":"stat/usage.go:61","content":"CPU: 0m, MEMORY: Alloc=1.1Mi, TotalAlloc=4.1Mi, Sys=14.6Mi, NumGC=47","level":"stat"}
{"@timestamp":"2025-07-09T18:58:40.342+08:00","caller":"load/sheddingstat.go:61","content":"(api) shedding_stat [1m], cpu: 0, total: 0, pass: 0, drop: 0","level":"stat"}
{"@timestamp":"2025-07-09T18:58:54.816+08:00","caller":"stat/metrics.go:210","content":"(forum-api) - qps: 0.0/s, drops: 0, avg time: 0.0ms, med: 0.0ms, 90th: 0.0ms, 99th: 0.0ms, 99.9th: 0.0ms","level":"stat"}
{"@timestamp":"2025-07-09T18:59:40.337+08:00","caller":"stat/usage.go:61","content":"CPU: 0m, MEMORY: Alloc=1.1Mi, TotalAlloc=4.1Mi, Sys=14.6Mi, NumGC=48","level":"stat"}
{"@timestamp":"2025-07-09T18:59:40.342+08:00","caller":"load/sheddingstat.go:61","content":"(api) shedding_stat [1m], cpu: 0, total: 0, pass: 0, drop: 0","level":"stat"}
{"@timestamp":"2025-07-09T18:59:54.817+08:00","caller":"stat/metrics.go:210","content":"(forum-api) - qps: 0.0/s, drops: 0, avg time: 0.0ms, med: 0.0ms, 90th: 0.0ms, 99th: 0.0ms, 99.9th: 0.0ms","level":"stat"}
{"@timestamp":"2025-07-09T19:00:40.337+08:00","caller":"stat/usage.go:61","content":"CPU: 0m, MEMORY: Alloc=1.1Mi, TotalAlloc=4.1Mi, Sys=14.6Mi, NumGC=48","level":"stat"}
{"@timestamp":"2025-07-09T19:00:40.342+08:00","caller":"load/sheddingstat.go:61","content":"(api) shedding_stat [1m], cpu: 0, total: 0, pass: 0, drop: 0","level":"stat"}
{"@timestamp":"2025-07-09T19:00:54.817+08:00","caller":"stat/metrics.go:210","content":"(forum-api) - qps: 0.0/s, drops: 0, avg time: 0.0ms, med: 0.0ms, 90th: 0.0ms, 99th: 0.0ms, 99.9th: 0.0ms","level":"stat"}
{"@timestamp":"2025-07-09T19:01:40.337+08:00","caller":"stat/usage.go:61","content":"CPU: 0m, MEMORY: Alloc=1.1Mi, TotalAlloc=4.1Mi, Sys=14.6Mi, NumGC=49","level":"stat"}
{"@timestamp":"2025-07-09T19:01:40.343+08:00","caller":"load/sheddingstat.go:61","content":"(api) shedding_stat [1m], cpu: 0, total: 0, pass: 0, drop: 0","level":"stat"}
{"@timestamp":"2025-07-09T19:01:54.817+08:00","caller":"stat/metrics.go:210","content":"(forum-api) - qps: 0.0/s, drops: 0, avg time: 0.0ms, med: 0.0ms, 90th: 0.0ms, 99th: 0.0ms, 99.9th: 0.0ms","level":"stat"}
{"@timestamp":"2025-07-09T19:02:40.338+08:00","caller":"stat/usage.go:61","content":"CPU: 0m, MEMORY: Alloc=1.1Mi, TotalAlloc=4.1Mi, Sys=14.6Mi, NumGC=49","level":"stat"}
{"@timestamp":"2025-07-09T19:02:40.343+08:00","caller":"load/sheddingstat.go:61","content":"(api) shedding_stat [1m], cpu: 0, total: 0, pass: 0, drop: 0","level":"stat"}
{"@timestamp":"2025-07-09T19:02:54.817+08:00","caller":"stat/metrics.go:210","content":"(forum-api) - qps: 0.0/s, drops: 0, avg time: 0.0ms, med: 0.0ms, 90th: 0.0ms, 99th: 0.0ms, 99.9th: 0.0ms","level":"stat"}
{"@timestamp":"2025-07-09T19:03:40.337+08:00","caller":"stat/usage.go:61","content":"CPU: 0m, MEMORY: Alloc=1.1Mi, TotalAlloc=4.1Mi, Sys=14.6Mi, NumGC=50","level":"stat"}
{"@timestamp":"2025-07-09T19:03:40.343+08:00","caller":"load/sheddingstat.go:61","content":"(api) shedding_stat [1m], cpu: 0, total: 0, pass: 0, drop: 0","level":"stat"}
{"@timestamp":"2025-07-09T19:03:54.818+08:00","caller":"stat/metrics.go:210","content":"(forum-api) - qps: 0.0/s, drops: 0, avg time: 0.0ms, med: 0.0ms, 90th: 0.0ms, 99th: 0.0ms, 99.9th: 0.0ms","level":"stat"}
